mode: set
guidely-app/internal/auth/server.go:18.41,20.2 1 1
guidely-app/internal/auth/server.go:21.103,23.16 2 1
guidely-app/internal/auth/server.go:23.16,25.3 1 1
guidely-app/internal/auth/server.go:26.2,26.76 1 0
guidely-app/internal/auth/server.go:29.94,31.16 2 0
guidely-app/internal/auth/server.go:31.16,33.3 1 0
guidely-app/internal/auth/server.go:34.2,34.114 1 0
guidely-app/internal/auth/server.go:37.93,38.53 1 0
guidely-app/internal/auth/server.go:38.53,40.3 1 0
guidely-app/internal/auth/server.go:41.2,41.30 1 0
guidely-app/internal/auth/server.go:44.89,46.31 2 0
guidely-app/internal/auth/server.go:46.31,48.3 1 0
guidely-app/internal/auth/server.go:49.2,55.8 1 0
guidely-app/internal/auth/server.go:58.101,60.16 2 0
guidely-app/internal/auth/server.go:60.16,62.3 1 0
guidely-app/internal/auth/server.go:63.2,69.8 1 0
guidely-app/internal/auth/server.go:72.79,72.93 1 0
guidely-app/internal/auth/server.go:73.99,75.2 1 0
guidely-app/internal/auth/service.go:30.107,32.2 1 1
guidely-app/internal/auth/service.go:34.101,35.35 1 1
guidely-app/internal/auth/service.go:35.35,37.3 1 0
guidely-app/internal/auth/service.go:38.2,38.41 1 1
guidely-app/internal/auth/service.go:38.41,40.3 1 0
guidely-app/internal/auth/service.go:41.2,41.26 1 1
guidely-app/internal/auth/service.go:41.26,43.3 1 0
guidely-app/internal/auth/service.go:44.2,44.62 1 1
guidely-app/internal/auth/service.go:44.62,46.3 1 0
guidely-app/internal/auth/service.go:47.2,47.76 1 1
guidely-app/internal/auth/service.go:47.76,49.3 1 0
guidely-app/internal/auth/service.go:50.2,51.16 2 1
guidely-app/internal/auth/service.go:51.16,53.3 1 0
guidely-app/internal/auth/service.go:54.2,55.53 2 1
guidely-app/internal/auth/service.go:55.53,57.3 1 0
guidely-app/internal/auth/service.go:58.2,59.16 2 1
guidely-app/internal/auth/service.go:59.16,61.3 1 0
guidely-app/internal/auth/service.go:62.2,67.59 2 1
guidely-app/internal/auth/service.go:67.59,69.3 1 0
guidely-app/internal/auth/service.go:70.2,70.25 1 1
guidely-app/internal/auth/service.go:73.95,75.31 2 1
guidely-app/internal/auth/service.go:75.31,77.3 1 1
guidely-app/internal/auth/service.go:78.2,78.62 1 0
guidely-app/internal/auth/service.go:78.62,80.3 1 0
guidely-app/internal/auth/service.go:81.2,82.16 2 0
guidely-app/internal/auth/service.go:82.16,84.3 1 0
guidely-app/internal/auth/service.go:85.2,90.59 2 0
guidely-app/internal/auth/service.go:90.59,92.3 1 0
guidely-app/internal/auth/service.go:93.2,93.25 1 0
guidely-app/internal/auth/service.go:96.71,98.2 1 0
guidely-app/internal/auth/service.go:100.89,102.2 1 0
guidely-app/internal/auth/service.go:104.135,106.31 2 0
guidely-app/internal/auth/service.go:106.31,108.3 1 0
guidely-app/internal/auth/service.go:109.2,109.17 1 0
guidely-app/internal/auth/service.go:109.17,111.3 1 0
guidely-app/internal/auth/service.go:112.2,112.19 1 0
guidely-app/internal/auth/service.go:112.19,114.3 1 0
guidely-app/internal/auth/service.go:115.2,115.20 1 0
guidely-app/internal/auth/service.go:115.20,117.3 1 0
guidely-app/internal/auth/service.go:118.2,118.17 1 0
guidely-app/internal/auth/service.go:118.17,120.3 1 0
guidely-app/internal/auth/service.go:121.2,121.18 1 0
guidely-app/internal/auth/service.go:121.18,123.3 1 0
guidely-app/internal/auth/service.go:124.2,124.53 1 0
guidely-app/internal/auth/service.go:124.53,126.3 1 0
guidely-app/internal/auth/service.go:127.2,127.18 1 0
guidely-app/internal/auth/service.go:130.102,132.31 2 0
guidely-app/internal/auth/service.go:132.31,134.3 1 0
guidely-app/internal/auth/service.go:135.2,136.53 2 0
guidely-app/internal/auth/service.go:136.53,138.3 1 0
guidely-app/internal/auth/service.go:139.2,139.18 1 0
guidely-app/internal/middleware/auth.go:16.80,18.2 1 1
guidely-app/internal/middleware/auth.go:20.79,21.54 1 1
guidely-app/internal/middleware/auth.go:21.54,23.17 2 1
guidely-app/internal/middleware/auth.go:23.17,27.4 3 1
guidely-app/internal/middleware/auth.go:28.3,29.75 2 1
guidely-app/internal/middleware/auth.go:29.75,33.4 3 1
guidely-app/internal/middleware/auth.go:34.3,35.40 2 1
guidely-app/internal/middleware/auth.go:39.51,41.32 2 0
guidely-app/internal/middleware/auth.go:41.32,43.3 1 0
guidely-app/internal/middleware/auth.go:44.2,44.10 1 0
guidely-app/internal/middleware/cors.go:8.69,10.35 2 1
guidely-app/internal/middleware/cors.go:10.35,12.3 1 1
guidely-app/internal/middleware/cors.go:14.2,14.46 1 1
guidely-app/internal/middleware/cors.go:14.46,15.72 1 1
guidely-app/internal/middleware/cors.go:15.72,18.38 2 1
guidely-app/internal/middleware/cors.go:18.38,24.5 5 1
guidely-app/internal/middleware/cors.go:26.4,26.38 1 1
guidely-app/internal/middleware/cors.go:26.38,29.5 2 1
guidely-app/internal/middleware/cors.go:30.4,30.24 1 1
guidely-app/internal/album/server.go:18.42,20.2 1 1
guidely-app/internal/album/server.go:22.41,31.2 1 1
guidely-app/internal/album/server.go:33.57,40.2 1 0
guidely-app/internal/album/server.go:42.93,49.45 2 1
guidely-app/internal/album/server.go:49.45,51.3 1 0
guidely-app/internal/album/server.go:52.2,52.24 1 1
guidely-app/internal/album/server.go:55.87,57.28 2 0
guidely-app/internal/album/server.go:57.28,59.3 1 0
guidely-app/internal/album/server.go:60.2,60.24 1 0
guidely-app/internal/album/server.go:63.99,65.36 2 0
guidely-app/internal/album/server.go:65.36,67.3 1 0
guidely-app/internal/album/server.go:68.2,68.33 1 0
guidely-app/internal/album/server.go:71.93,78.45 2 0
guidely-app/internal/album/server.go:78.45,80.3 1 0
guidely-app/internal/album/server.go:81.2,81.24 1 0
guidely-app/internal/album/server.go:84.98,85.50 1 0
guidely-app/internal/album/server.go:85.50,87.3 1 0
guidely-app/internal/album/server.go:88.2,88.30 1 0
guidely-app/internal/album/server.go:91.97,92.88 1 0
guidely-app/internal/album/server.go:92.88,94.3 1 0
guidely-app/internal/album/server.go:95.2,99.8 1 0
guidely-app/internal/album/server.go:102.103,103.73 1 0
guidely-app/internal/album/server.go:103.73,105.3 1 0
guidely-app/internal/album/server.go:106.2,106.30 1 0
guidely-app/internal/album/server.go:109.116,111.16 2 0
guidely-app/internal/album/server.go:111.16,113.3 1 0
guidely-app/internal/album/server.go:114.2,115.27 2 0
guidely-app/internal/album/server.go:115.27,117.3 1 0
guidely-app/internal/album/server.go:118.2,118.58 1 0
guidely-app/internal/album/service.go:24.63,26.2 1 1
guidely-app/internal/album/service.go:28.79,30.2 1 1
guidely-app/internal/album/service.go:32.91,34.2 1 0
guidely-app/internal/album/service.go:36.98,38.2 1 0
guidely-app/internal/album/service.go:40.79,42.2 1 0
guidely-app/internal/album/service.go:44.73,46.2 1 0
guidely-app/internal/album/service.go:48.102,50.2 1 0
guidely-app/internal/album/service.go:52.92,54.2 1 0
guidely-app/internal/album/service.go:56.104,58.2 1 0
guidely-app/internal/review/server.go:20.43,22.2 1 1
guidely-app/internal/review/server.go:24.60,34.20 2 0
guidely-app/internal/review/server.go:34.20,36.3 1 0
guidely-app/internal/review/server.go:37.2,37.24 1 0
guidely-app/internal/review/server.go:37.24,40.3 2 0
guidely-app/internal/review/server.go:41.2,41.13 1 0
guidely-app/internal/review/server.go:44.91,46.28 2 0
guidely-app/internal/review/server.go:46.28,58.21 2 0
guidely-app/internal/review/server.go:58.21,60.4 1 0
guidely-app/internal/review/server.go:61.3,61.31 1 0
guidely-app/internal/review/server.go:63.2,63.15 1 0
guidely-app/internal/review/server.go:66.109,68.26 2 1
guidely-app/internal/review/server.go:68.26,70.17 2 0
guidely-app/internal/review/server.go:70.17,72.4 1 0
guidely-app/internal/review/server.go:74.2,83.16 3 1
guidely-app/internal/review/server.go:83.16,85.3 1 1
guidely-app/internal/review/server.go:86.2,86.38 1 0
guidely-app/internal/review/server.go:89.105,90.68 1 0
guidely-app/internal/review/server.go:90.68,92.3 1 0
guidely-app/internal/review/server.go:93.2,93.30 1 0
guidely-app/internal/review/server.go:96.130,98.16 2 0
guidely-app/internal/review/server.go:98.16,100.3 1 0
guidely-app/internal/review/server.go:101.2,103.8 1 0
guidely-app/internal/review/service.go:31.65,33.2 1 1
guidely-app/internal/review/service.go:35.106,36.42 1 1
guidely-app/internal/review/service.go:36.42,38.3 1 0
guidely-app/internal/review/service.go:39.2,47.51 2 1
guidely-app/internal/review/service.go:47.51,49.3 1 0
guidely-app/internal/review/service.go:50.2,50.20 1 1
guidely-app/internal/review/service.go:53.88,55.33 2 1
guidely-app/internal/review/service.go:55.33,57.3 1 1
guidely-app/internal/review/service.go:58.2,58.29 1 0
guidely-app/internal/review/service.go:58.29,60.3 1 0
guidely-app/internal/review/service.go:61.2,61.37 1 0
guidely-app/internal/review/service.go:64.124,66.2 1 0
guidely-app/internal/repository/category_repo.go:16.43,18.2 1 1
guidely-app/internal/repository/category_repo.go:20.79,23.16 3 1
guidely-app/internal/repository/category_repo.go:23.16,25.3 1 0
guidely-app/internal/repository/category_repo.go:26.2,28.18 3 1
guidely-app/internal/repository/category_repo.go:28.18,30.111 2 1
guidely-app/internal/repository/category_repo.go:30.111,32.4 1 0
guidely-app/internal/repository/category_repo.go:33.3,33.37 1 1
guidely-app/internal/repository/category_repo.go:35.2,35.24 1 1
guidely-app/internal/repository/category_repo.go:38.90,42.35 4 0
guidely-app/internal/repository/category_repo.go:42.35,44.3 1 0
guidely-app/internal/repository/category_repo.go:45.2,45.16 1 0
guidely-app/internal/repository/category_repo.go:45.16,47.3 1 0
guidely-app/internal/repository/category_repo.go:48.2,48.16 1 0
guidely-app/internal/repository/category_repo.go:51.78,54.2 2 0
guidely-app/internal/repository/category_repo.go:56.78,60.2 3 0
guidely-app/internal/repository/category_repo.go:62.69,65.2 2 0
guidely-app/internal/repository/db.go:21.104,23.2 1 0
guidely-app/internal/repository/db.go:25.97,27.2 1 0
guidely-app/internal/repository/db.go:29.112,31.2 1 0
guidely-app/internal/repository/place_repo.go:18.37,20.2 1 1
guidely-app/internal/repository/place_repo.go:22.73,37.16 4 1
guidely-app/internal/repository/place_repo.go:37.16,40.3 2 0
guidely-app/internal/repository/place_repo.go:41.2,45.18 3 1
guidely-app/internal/repository/place_repo.go:45.18,61.17 10 1
guidely-app/internal/repository/place_repo.go:61.17,64.4 2 0
guidely-app/internal/repository/place_repo.go:66.3,66.44 1 1
guidely-app/internal/repository/place_repo.go:66.44,67.20 1 1
guidely-app/internal/repository/place_repo.go:67.20,75.5 1 0
guidely-app/internal/repository/place_repo.go:76.4,76.20 1 1
guidely-app/internal/repository/place_repo.go:76.20,82.5 1 0
guidely-app/internal/repository/place_repo.go:83.4,83.24 1 1
guidely-app/internal/repository/place_repo.go:86.3,86.50 1 1
guidely-app/internal/repository/place_repo.go:86.50,98.4 2 1
guidely-app/internal/repository/place_repo.go:101.2,102.30 2 1
guidely-app/internal/repository/place_repo.go:102.30,104.3 1 1
guidely-app/internal/repository/place_repo.go:106.2,107.20 2 1
guidely-app/internal/repository/place_repo.go:110.84,131.35 9 1
guidely-app/internal/repository/place_repo.go:131.35,134.3 2 0
guidely-app/internal/repository/place_repo.go:135.2,135.16 1 1
guidely-app/internal/repository/place_repo.go:135.16,138.3 2 0
guidely-app/internal/repository/place_repo.go:139.2,139.18 1 1
guidely-app/internal/repository/place_repo.go:139.18,147.3 1 0
guidely-app/internal/repository/place_repo.go:148.2,148.18 1 1
guidely-app/internal/repository/place_repo.go:148.18,154.3 1 0
guidely-app/internal/repository/place_repo.go:155.2,155.16 1 1
guidely-app/internal/repository/place_repo.go:158.120,162.16 4 1
guidely-app/internal/repository/place_repo.go:162.16,163.36 1 0
guidely-app/internal/repository/place_repo.go:163.36,165.4 1 0
guidely-app/internal/repository/place_repo.go:166.3,166.57 1 0
guidely-app/internal/repository/place_repo.go:169.2,170.17 2 1
guidely-app/internal/repository/place_repo.go:170.17,172.3 1 1
guidely-app/internal/repository/place_repo.go:173.2,182.8 1 1
guidely-app/internal/repository/place_repo.go:185.94,193.16 4 0
guidely-app/internal/repository/place_repo.go:193.16,196.3 2 0
guidely-app/internal/repository/place_repo.go:197.2,197.20 1 0
guidely-app/internal/repository/review_repo.go:16.39,18.2 1 0
guidely-app/internal/repository/review_repo.go:20.79,26.2 2 0
guidely-app/internal/repository/review_repo.go:28.86,36.35 4 0
guidely-app/internal/repository/review_repo.go:36.35,38.3 1 0
guidely-app/internal/repository/review_repo.go:39.2,39.18 1 0
guidely-app/internal/repository/review_repo.go:42.117,52.16 3 0
guidely-app/internal/repository/review_repo.go:52.16,54.3 1 0
guidely-app/internal/repository/review_repo.go:55.2,57.18 3 0
guidely-app/internal/repository/review_repo.go:57.18,62.17 4 0
guidely-app/internal/repository/review_repo.go:62.17,64.4 1 0
guidely-app/internal/repository/review_repo.go:65.3,66.33 2 0
guidely-app/internal/repository/review_repo.go:68.2,68.21 1 0
guidely-app/internal/repository/review_repo.go:71.67,74.2 2 0
guidely-app/internal/repository/trip_repo.go:17.35,19.2 1 1
guidely-app/internal/repository/trip_repo.go:21.73,29.16 4 1
guidely-app/internal/repository/trip_repo.go:29.16,32.3 2 0
guidely-app/internal/repository/trip_repo.go:33.2,34.12 2 1
guidely-app/internal/repository/trip_repo.go:37.82,46.35 5 1
guidely-app/internal/repository/trip_repo.go:46.35,49.3 2 0
guidely-app/internal/repository/trip_repo.go:50.2,50.16 1 1
guidely-app/internal/repository/trip_repo.go:50.16,53.3 2 0
guidely-app/internal/repository/trip_repo.go:54.2,54.19 1 1
guidely-app/internal/repository/trip_repo.go:57.89,62.16 4 1
guidely-app/internal/repository/trip_repo.go:62.16,65.3 2 0
guidely-app/internal/repository/trip_repo.go:66.2,68.18 3 1
guidely-app/internal/repository/trip_repo.go:68.18,72.17 3 1
guidely-app/internal/repository/trip_repo.go:72.17,75.4 2 0
guidely-app/internal/repository/trip_repo.go:76.3,76.27 1 1
guidely-app/internal/repository/trip_repo.go:78.2,79.19 2 1
guidely-app/internal/repository/trip_repo.go:82.73,92.16 4 1
guidely-app/internal/repository/trip_repo.go:92.16,95.3 2 0
guidely-app/internal/repository/trip_repo.go:96.2,97.12 2 1
guidely-app/internal/repository/trip_repo.go:100.65,103.16 3 1
guidely-app/internal/repository/trip_repo.go:103.16,106.3 2 0
guidely-app/internal/repository/trip_repo.go:107.2,108.12 2 1
guidely-app/internal/repository/trip_repo.go:111.98,114.16 3 1
guidely-app/internal/repository/trip_repo.go:114.16,117.3 2 0
guidely-app/internal/repository/trip_repo.go:118.2,118.12 1 1
guidely-app/internal/repository/trip_repo.go:121.101,135.16 4 1
guidely-app/internal/repository/trip_repo.go:135.16,138.3 2 0
guidely-app/internal/repository/trip_repo.go:139.2,142.18 3 1
guidely-app/internal/repository/trip_repo.go:142.18,144.96 2 1
guidely-app/internal/repository/trip_repo.go:144.96,147.4 2 0
guidely-app/internal/repository/trip_repo.go:148.3,148.30 1 1
guidely-app/internal/repository/trip_repo.go:150.2,151.20 2 1
guidely-app/internal/repository/trip_repo.go:154.86,158.16 4 0
guidely-app/internal/repository/trip_repo.go:158.16,161.3 2 0
guidely-app/internal/repository/trip_repo.go:162.2,165.18 3 0
guidely-app/internal/repository/trip_repo.go:165.18,167.40 2 0
guidely-app/internal/repository/trip_repo.go:167.40,170.4 2 0
guidely-app/internal/repository/trip_repo.go:171.3,171.34 1 0
guidely-app/internal/repository/trip_repo.go:174.2,175.22 2 0
guidely-app/internal/repository/trip_repo.go:178.88,182.16 4 0
guidely-app/internal/repository/trip_repo.go:182.16,185.3 2 0
guidely-app/internal/repository/trip_repo.go:186.2,186.12 1 0
guidely-app/internal/repository/trip_repo.go:189.96,194.16 5 0
guidely-app/internal/repository/trip_repo.go:194.16,197.3 2 0
guidely-app/internal/repository/trip_repo.go:198.2,198.20 1 0
guidely-app/internal/service/category_service.go:13.77,15.2 1 0
guidely-app/internal/service/category_service.go:17.86,19.2 1 0
guidely-app/internal/service/category_service.go:21.97,23.2 1 0
guidely-app/internal/service/category_service.go:25.85,27.2 1 0
guidely-app/internal/service/category_service.go:29.85,31.2 1 0
guidely-app/internal/service/category_service.go:33.76,35.2 1 0
guidely-app/internal/service/place_service.go:14.113,16.2 1 1
guidely-app/internal/service/place_service.go:18.80,20.2 1 1
guidely-app/internal/service/place_service.go:22.117,24.2 1 1
guidely-app/internal/service/place_service.go:26.111,28.2 1 0
guidely-app/internal/service/place_service.go:30.101,32.2 1 0
guidely-app/internal/service/profile_service.go:21.75,23.2 1 1
guidely-app/internal/service/profile_service.go:25.99,27.2 1 1
guidely-app/internal/service/profile_service.go:29.128,31.16 2 1
guidely-app/internal/service/profile_service.go:31.16,33.3 1 0
guidely-app/internal/service/profile_service.go:34.2,34.27 1 1
guidely-app/internal/service/profile_service.go:34.27,36.3 1 1
guidely-app/internal/service/profile_service.go:37.2,37.28 1 1
guidely-app/internal/service/profile_service.go:37.28,39.3 1 1
guidely-app/internal/service/profile_service.go:40.2,40.26 1 1
guidely-app/internal/service/profile_service.go:40.26,42.3 1 0
guidely-app/internal/service/profile_service.go:43.2,43.23 1 1
guidely-app/internal/service/profile_service.go:43.23,45.3 1 0
guidely-app/internal/service/profile_service.go:46.2,46.24 1 1
guidely-app/internal/service/profile_service.go:46.24,48.3 1 0
guidely-app/internal/service/profile_service.go:49.2,49.53 1 1
guidely-app/internal/service/profile_service.go:49.53,51.3 1 0
guidely-app/internal/service/profile_service.go:52.2,52.18 1 1
guidely-app/internal/service/profile_service.go:55.119,57.16 2 0
guidely-app/internal/service/profile_service.go:57.16,59.3 1 0
guidely-app/internal/service/profile_service.go:60.2,61.53 2 0
guidely-app/internal/service/profile_service.go:61.53,63.3 1 0
guidely-app/internal/service/profile_service.go:64.2,64.18 1 0
guidely-app/internal/service/review_service.go:25.71,27.2 1 0
guidely-app/internal/service/review_service.go:29.106,30.42 1 0
guidely-app/internal/service/review_service.go:30.42,32.3 1 0
guidely-app/internal/service/review_service.go:33.2,41.51 2 0
guidely-app/internal/service/review_service.go:41.51,43.3 1 0
guidely-app/internal/service/review_service.go:44.2,44.20 1 0
guidely-app/internal/service/review_service.go:47.88,49.33 2 0
guidely-app/internal/service/review_service.go:49.33,51.3 1 0
guidely-app/internal/service/review_service.go:52.2,52.29 1 0
guidely-app/internal/service/review_service.go:52.29,54.3 1 0
guidely-app/internal/service/review_service.go:55.2,55.37 1 0
guidely-app/internal/service/trip_service.go:18.69,20.2 1 1
guidely-app/internal/service/trip_service.go:42.96,44.23 2 1
guidely-app/internal/service/trip_service.go:44.23,46.3 1 1
guidely-app/internal/service/trip_service.go:47.2,56.53 2 1
guidely-app/internal/service/trip_service.go:56.53,58.3 1 0
guidely-app/internal/service/trip_service.go:59.2,60.18 2 1
guidely-app/internal/service/trip_service.go:63.95,65.2 1 1
guidely-app/internal/service/trip_service.go:67.118,69.16 2 1
guidely-app/internal/service/trip_service.go:69.16,71.3 1 0
guidely-app/internal/service/trip_service.go:72.2,72.17 1 1
guidely-app/internal/service/trip_service.go:72.17,74.3 1 1
guidely-app/internal/service/trip_service.go:75.2,76.16 2 1
guidely-app/internal/service/trip_service.go:76.16,78.3 1 0
guidely-app/internal/service/trip_service.go:79.2,79.26 1 1
guidely-app/internal/service/trip_service.go:82.115,85.31 3 1
guidely-app/internal/service/trip_service.go:85.31,87.3 1 0
guidely-app/internal/service/trip_service.go:88.2,88.30 1 1
guidely-app/internal/service/trip_service.go:88.30,90.3 1 1
guidely-app/internal/service/trip_service.go:91.2,91.24 1 1
guidely-app/internal/service/trip_service.go:91.24,93.3 1 1
guidely-app/internal/service/trip_service.go:94.2,94.30 1 1
guidely-app/internal/service/trip_service.go:94.30,96.3 1 1
guidely-app/internal/service/trip_service.go:97.2,97.27 1 1
guidely-app/internal/service/trip_service.go:97.27,99.3 1 0
guidely-app/internal/service/trip_service.go:100.2,100.28 1 1
guidely-app/internal/service/trip_service.go:100.28,102.3 1 0
guidely-app/internal/service/trip_service.go:103.2,103.26 1 1
guidely-app/internal/service/trip_service.go:103.26,105.3 1 0
guidely-app/internal/service/trip_service.go:106.2,106.29 1 1
guidely-app/internal/service/trip_service.go:106.29,108.3 1 0
guidely-app/internal/service/trip_service.go:109.2,109.27 1 1
guidely-app/internal/service/trip_service.go:109.27,111.3 1 1
guidely-app/internal/service/trip_service.go:112.2,112.53 1 1
guidely-app/internal/service/trip_service.go:112.53,114.3 1 0
guidely-app/internal/service/trip_service.go:115.2,116.18 2 1
guidely-app/internal/service/trip_service.go:119.76,122.31 3 1
guidely-app/internal/service/trip_service.go:122.31,124.3 1 1
guidely-app/internal/service/trip_service.go:125.2,125.30 1 1
guidely-app/internal/service/trip_service.go:125.30,127.3 1 1
guidely-app/internal/service/trip_service.go:128.2,128.35 1 1
guidely-app/internal/service/trip_service.go:131.93,133.2 1 0
guidely-app/internal/service/trip_service.go:135.115,138.31 3 0
guidely-app/internal/service/trip_service.go:138.31,140.3 1 0
guidely-app/internal/service/trip_service.go:141.2,141.30 1 0
guidely-app/internal/service/trip_service.go:141.30,143.3 1 0
guidely-app/internal/service/trip_service.go:145.2,146.16 2 0
guidely-app/internal/service/trip_service.go:146.16,148.3 1 0
guidely-app/internal/service/trip_service.go:149.2,149.12 1 0
guidely-app/internal/service/trip_service.go:149.12,151.3 1 0
guidely-app/internal/service/trip_service.go:153.2,153.67 1 0
guidely-app/internal/service/trip_service.go:156.102,159.31 3 0
guidely-app/internal/service/trip_service.go:159.31,161.3 1 0
guidely-app/internal/service/trip_service.go:162.2,162.30 1 0
guidely-app/internal/service/trip_service.go:162.30,164.3 1 0
guidely-app/internal/service/trip_service.go:165.2,165.58 1 0
guidely-app/internal/auth/repository/db.go:21.104,23.2 1 0
guidely-app/internal/auth/repository/db.go:24.97,26.2 1 0
guidely-app/internal/auth/repository/db.go:27.112,29.2 1 0
guidely-app/internal/auth/repository/session_repo.go:15.41,17.2 1 1
guidely-app/internal/auth/repository/session_repo.go:19.82,22.2 2 1
guidely-app/internal/auth/repository/session_repo.go:24.98,28.35 4 1
guidely-app/internal/auth/repository/session_repo.go:28.35,30.3 1 1
guidely-app/internal/auth/repository/session_repo.go:31.2,31.22 1 1
guidely-app/internal/auth/repository/session_repo.go:34.82,37.2 2 1
guidely-app/internal/auth/repository/user_repo.go:15.35,17.2 1 1
guidely-app/internal/auth/repository/user_repo.go:19.73,25.2 3 1
guidely-app/internal/auth/repository/user_repo.go:27.88,36.35 4 1
guidely-app/internal/auth/repository/user_repo.go:36.35,38.3 1 1
guidely-app/internal/auth/repository/user_repo.go:39.2,39.19 1 1
guidely-app/internal/auth/repository/user_repo.go:42.94,51.35 4 1
guidely-app/internal/auth/repository/user_repo.go:51.35,53.3 1 0
guidely-app/internal/auth/repository/user_repo.go:54.2,54.19 1 1
guidely-app/internal/auth/repository/user_repo.go:57.82,66.35 4 1
guidely-app/internal/auth/repository/user_repo.go:66.35,68.3 1 0
guidely-app/internal/auth/repository/user_repo.go:69.2,69.19 1 1
guidely-app/internal/auth/repository/user_repo.go:72.73,77.2 2 1
guidely-app/internal/handlers/album.go:19.66,21.2 1 1
guidely-app/internal/handlers/album.go:23.71,25.17 2 0
guidely-app/internal/handlers/album.go:25.17,28.3 2 0
guidely-app/internal/handlers/album.go:30.2,36.61 2 0
guidely-app/internal/handlers/album.go:36.61,39.3 2 0
guidely-app/internal/handlers/album.go:41.2,47.16 2 0
guidely-app/internal/handlers/album.go:47.16,51.3 3 0
guidely-app/internal/handlers/album.go:53.2,54.33 2 0
guidely-app/internal/handlers/album.go:57.68,60.16 3 1
guidely-app/internal/handlers/album.go:60.16,63.3 2 0
guidely-app/internal/handlers/album.go:65.2,66.16 2 1
guidely-app/internal/handlers/album.go:66.16,70.3 3 1
guidely-app/internal/handlers/album.go:72.2,72.33 1 0
guidely-app/internal/handlers/album.go:75.74,78.16 3 0
guidely-app/internal/handlers/album.go:78.16,81.3 2 0
guidely-app/internal/handlers/album.go:83.2,84.16 2 0
guidely-app/internal/handlers/album.go:84.16,88.3 3 0
guidely-app/internal/handlers/album.go:90.2,90.33 1 0
guidely-app/internal/handlers/album.go:93.71,96.16 3 0
guidely-app/internal/handlers/album.go:96.16,99.3 2 0
guidely-app/internal/handlers/album.go:101.2,106.61 2 0
guidely-app/internal/handlers/album.go:106.61,109.3 2 0
guidely-app/internal/handlers/album.go:111.2,117.16 2 0
guidely-app/internal/handlers/album.go:117.16,121.3 3 0
guidely-app/internal/handlers/album.go:123.2,123.33 1 0
guidely-app/internal/handlers/album.go:126.71,129.16 3 0
guidely-app/internal/handlers/album.go:129.16,132.3 2 0
guidely-app/internal/handlers/album.go:134.2,134.88 1 0
guidely-app/internal/handlers/album.go:134.88,138.3 3 0
guidely-app/internal/handlers/album.go:139.2,139.37 1 0
guidely-app/internal/handlers/album.go:142.73,145.16 3 0
guidely-app/internal/handlers/album.go:145.16,148.3 2 0
guidely-app/internal/handlers/album.go:150.2,154.61 2 0
guidely-app/internal/handlers/album.go:154.61,157.3 2 0
guidely-app/internal/handlers/album.go:159.2,164.16 2 0
guidely-app/internal/handlers/album.go:164.16,168.3 3 0
guidely-app/internal/handlers/album.go:170.2,170.33 1 0
guidely-app/internal/handlers/album.go:173.76,176.16 3 0
guidely-app/internal/handlers/album.go:176.16,179.3 2 0
guidely-app/internal/handlers/album.go:180.2,181.16 2 0
guidely-app/internal/handlers/album.go:181.16,184.3 2 0
guidely-app/internal/handlers/album.go:186.2,189.17 1 0
guidely-app/internal/handlers/album.go:189.17,193.3 3 0
guidely-app/internal/handlers/album.go:194.2,194.37 1 0
guidely-app/internal/handlers/album.go:197.74,200.16 3 0
guidely-app/internal/handlers/album.go:200.16,203.3 2 0
guidely-app/internal/handlers/album.go:205.2,206.16 2 0
guidely-app/internal/handlers/album.go:206.16,210.3 3 0
guidely-app/internal/handlers/album.go:212.2,212.40 1 0
guidely-app/internal/handlers/auth.go:14.63,16.2 1 1
guidely-app/internal/handlers/auth.go:18.72,24.61 2 1
guidely-app/internal/handlers/auth.go:24.61,27.3 2 0
guidely-app/internal/handlers/auth.go:28.2,33.16 2 1
guidely-app/internal/handlers/auth.go:33.16,36.3 2 0
guidely-app/internal/handlers/auth.go:37.2,41.4 2 1
guidely-app/internal/handlers/auth.go:44.69,49.61 2 1
guidely-app/internal/handlers/auth.go:49.61,52.3 2 0
guidely-app/internal/handlers/auth.go:53.2,57.16 2 1
guidely-app/internal/handlers/auth.go:57.16,60.3 2 1
guidely-app/internal/handlers/auth.go:61.2,71.4 3 0
guidely-app/internal/handlers/auth.go:74.70,76.16 2 0
guidely-app/internal/handlers/auth.go:76.16,79.3 2 0
guidely-app/internal/handlers/auth.go:80.2,80.96 1 0
guidely-app/internal/handlers/auth.go:80.96,83.3 2 0
guidely-app/internal/handlers/auth.go:84.2,90.37 2 0
guidely-app/internal/handlers/auth.go:93.66,96.9 3 0
guidely-app/internal/handlers/auth.go:96.9,99.3 2 0
guidely-app/internal/handlers/auth.go:100.2,101.16 2 0
guidely-app/internal/handlers/auth.go:101.16,104.3 2 0
guidely-app/internal/handlers/auth.go:105.2,106.33 2 0
guidely-app/internal/handlers/category.go:19.71,21.2 1 1
guidely-app/internal/handlers/category.go:23.72,25.16 2 1
guidely-app/internal/handlers/category.go:25.16,29.3 3 1
guidely-app/internal/handlers/category.go:30.2,31.39 2 0
guidely-app/internal/handlers/category.go:34.71,37.16 3 0
guidely-app/internal/handlers/category.go:37.16,40.3 2 0
guidely-app/internal/handlers/category.go:41.2,42.16 2 0
guidely-app/internal/handlers/category.go:42.16,46.3 3 0
guidely-app/internal/handlers/category.go:47.2,47.14 1 0
guidely-app/internal/handlers/category.go:47.14,50.3 2 0
guidely-app/internal/handlers/category.go:51.2,51.30 1 0
guidely-app/internal/handlers/category.go:54.74,56.61 2 0
guidely-app/internal/handlers/category.go:56.61,59.3 2 0
guidely-app/internal/handlers/category.go:60.2,60.56 1 0
guidely-app/internal/handlers/category.go:60.56,64.3 3 0
guidely-app/internal/handlers/category.go:65.2,66.32 2 0
guidely-app/internal/handlers/category.go:69.74,72.16 3 0
guidely-app/internal/handlers/category.go:72.16,75.3 2 0
guidely-app/internal/handlers/category.go:76.2,77.61 2 0
guidely-app/internal/handlers/category.go:77.61,80.3 2 0
guidely-app/internal/handlers/category.go:81.2,82.56 2 0
guidely-app/internal/handlers/category.go:82.56,86.3 3 0
guidely-app/internal/handlers/category.go:87.2,87.32 1 0
guidely-app/internal/handlers/category.go:90.74,93.16 3 0
guidely-app/internal/handlers/category.go:93.16,96.3 2 0
guidely-app/internal/handlers/category.go:97.2,97.54 1 0
guidely-app/internal/handlers/category.go:97.54,101.3 3 0
guidely-app/internal/handlers/category.go:102.2,102.37 1 0
guidely-app/internal/handlers/csrf_token.go:12.36,14.2 1 0
guidely-app/internal/handlers/csrf_token.go:23.72,30.2 4 0
guidely-app/internal/handlers/place.go:22.104,27.2 1 1
guidely-app/internal/handlers/place.go:29.69,31.16 2 1
guidely-app/internal/handlers/place.go:31.16,36.3 4 1
guidely-app/internal/handlers/place.go:37.2,39.22 3 1
guidely-app/internal/handlers/place.go:39.22,40.39 1 0
guidely-app/internal/handlers/place.go:40.39,42.4 1 0
guidely-app/internal/handlers/place.go:44.2,46.27 3 1
guidely-app/internal/handlers/place.go:46.27,63.25 2 1
guidely-app/internal/handlers/place.go:63.25,69.4 1 0
guidely-app/internal/handlers/place.go:70.3,70.24 1 1
guidely-app/internal/handlers/place.go:70.24,72.32 2 0
guidely-app/internal/handlers/place.go:72.32,79.5 1 0
guidely-app/internal/handlers/place.go:81.3,81.34 1 1
guidely-app/internal/handlers/place.go:83.2,84.37 2 1
guidely-app/internal/handlers/place.go:87.75,90.16 3 1
guidely-app/internal/handlers/place.go:90.16,94.3 3 0
guidely-app/internal/handlers/place.go:95.2,97.22 3 1
guidely-app/internal/handlers/place.go:97.22,98.39 1 0
guidely-app/internal/handlers/place.go:98.39,100.4 1 0
guidely-app/internal/handlers/place.go:102.2,103.16 2 1
guidely-app/internal/handlers/place.go:103.16,104.39 1 1
guidely-app/internal/handlers/place.go:104.39,108.4 3 1
guidely-app/internal/handlers/place.go:109.3,111.9 3 0
guidely-app/internal/handlers/place.go:113.2,114.34 2 1
guidely-app/internal/handlers/place.go:117.75,120.16 3 1
guidely-app/internal/handlers/place.go:120.16,123.3 2 0
guidely-app/internal/handlers/place.go:124.2,125.16 2 1
guidely-app/internal/handlers/place.go:125.16,130.3 4 0
guidely-app/internal/handlers/place.go:131.2,132.36 2 1
guidely-app/internal/handlers/place.go:135.81,138.9 3 0
guidely-app/internal/handlers/place.go:138.9,142.3 3 0
guidely-app/internal/handlers/place.go:144.2,146.16 3 0
guidely-app/internal/handlers/place.go:146.16,151.3 4 0
guidely-app/internal/handlers/place.go:153.2,154.21 2 0
guidely-app/internal/handlers/place.go:154.21,158.3 3 0
guidely-app/internal/handlers/place.go:159.2,160.16 2 0
guidely-app/internal/handlers/place.go:160.16,164.3 3 0
guidely-app/internal/handlers/place.go:166.2,167.59 2 0
guidely-app/internal/handlers/place.go:167.59,171.3 3 0
guidely-app/internal/handlers/place.go:173.2,174.16 2 0
guidely-app/internal/handlers/place.go:174.16,179.3 4 0
guidely-app/internal/handlers/place.go:181.2,182.63 2 0
guidely-app/internal/handlers/place.go:185.71,187.17 2 0
guidely-app/internal/handlers/place.go:187.17,191.3 3 0
guidely-app/internal/handlers/place.go:192.2,193.16 2 0
guidely-app/internal/handlers/place.go:193.16,198.3 4 0
guidely-app/internal/handlers/place.go:200.2,202.27 3 0
guidely-app/internal/handlers/place.go:202.27,204.65 1 0
guidely-app/internal/handlers/place.go:204.65,221.4 2 0
guidely-app/internal/handlers/place.go:223.2,223.21 1 0
guidely-app/internal/handlers/place.go:223.21,225.3 1 0
guidely-app/internal/handlers/place.go:226.2,227.37 2 0
guidely-app/internal/handlers/profile.go:22.79,24.2 1 1
guidely-app/internal/handlers/profile.go:26.77,29.9 3 1
guidely-app/internal/handlers/profile.go:29.9,33.3 3 1
guidely-app/internal/handlers/profile.go:34.2,35.16 2 1
guidely-app/internal/handlers/profile.go:35.16,40.3 4 0
guidely-app/internal/handlers/profile.go:41.2,52.37 3 1
guidely-app/internal/handlers/profile.go:55.80,58.9 3 1
guidely-app/internal/handlers/profile.go:58.9,62.3 3 1
guidely-app/internal/handlers/profile.go:63.2,64.61 2 1
guidely-app/internal/handlers/profile.go:64.61,69.3 4 1
guidely-app/internal/handlers/profile.go:70.2,78.16 3 1
guidely-app/internal/handlers/profile.go:78.16,83.3 4 0
guidely-app/internal/handlers/profile.go:84.2,95.37 3 1
guidely-app/internal/handlers/profile.go:98.79,101.9 3 0
guidely-app/internal/handlers/profile.go:101.9,105.3 3 0
guidely-app/internal/handlers/profile.go:107.2,109.16 3 0
guidely-app/internal/handlers/profile.go:109.16,114.3 4 0
guidely-app/internal/handlers/profile.go:115.2,118.47 3 0
guidely-app/internal/handlers/profile.go:118.47,122.3 3 0
guidely-app/internal/handlers/profile.go:124.2,125.15 2 0
guidely-app/internal/handlers/profile.go:125.15,127.3 1 0
guidely-app/internal/handlers/profile.go:128.2,131.53 3 0
guidely-app/internal/handlers/profile.go:131.53,136.3 4 0
guidely-app/internal/handlers/profile.go:137.2,140.16 3 0
guidely-app/internal/handlers/profile.go:140.16,145.3 4 0
guidely-app/internal/handlers/profile.go:146.2,148.46 2 0
guidely-app/internal/handlers/profile.go:148.46,153.3 4 0
guidely-app/internal/handlers/profile.go:155.2,159.16 4 0
guidely-app/internal/handlers/profile.go:159.16,164.3 4 0
guidely-app/internal/handlers/profile.go:166.2,177.37 3 0
guidely-app/internal/handlers/profile.go:180.76,183.9 3 0
guidely-app/internal/handlers/profile.go:183.9,187.3 3 0
guidely-app/internal/handlers/profile.go:189.2,190.31 2 0
guidely-app/internal/handlers/profile.go:190.31,194.3 3 0
guidely-app/internal/handlers/profile.go:196.2,196.26 1 0
guidely-app/internal/handlers/profile.go:196.26,200.3 3 0
guidely-app/internal/handlers/profile.go:202.2,206.24 4 0
guidely-app/internal/handlers/profile.go:206.24,210.3 3 0
guidely-app/internal/handlers/profile.go:211.2,211.16 1 0
guidely-app/internal/handlers/profile.go:211.16,215.3 3 0
guidely-app/internal/handlers/profile.go:216.2,216.18 1 0
guidely-app/internal/handlers/profile.go:216.18,220.3 3 0
guidely-app/internal/handlers/profile.go:222.2,224.13 3 0
guidely-app/internal/handlers/profile.go:225.14,226.28 1 0
guidely-app/internal/handlers/profile.go:227.14,228.28 1 0
guidely-app/internal/handlers/profile.go:229.15,230.29 1 0
guidely-app/internal/handlers/profile.go:232.2,233.32 2 0
guidely-app/internal/handlers/review.go:19.69,21.2 1 1
guidely-app/internal/handlers/review.go:23.72,25.17 2 1
guidely-app/internal/handlers/review.go:25.17,28.3 2 1
guidely-app/internal/handlers/review.go:30.2,37.61 2 1
guidely-app/internal/handlers/review.go:37.61,40.3 2 0
guidely-app/internal/handlers/review.go:42.2,50.16 2 1
guidely-app/internal/handlers/review.go:50.16,54.3 3 1
guidely-app/internal/handlers/review.go:56.2,60.4 2 1
guidely-app/internal/handlers/review.go:63.72,65.17 2 1
guidely-app/internal/handlers/review.go:65.17,68.3 2 1
guidely-app/internal/handlers/review.go:70.2,72.16 3 1
guidely-app/internal/handlers/review.go:72.16,75.3 2 1
guidely-app/internal/handlers/review.go:77.2,81.16 2 1
guidely-app/internal/handlers/review.go:81.16,85.3 3 1
guidely-app/internal/handlers/review.go:86.2,86.37 1 1
guidely-app/internal/handlers/trip.go:21.67,23.2 1 1
guidely-app/internal/handlers/trip.go:25.68,28.9 3 1
guidely-app/internal/handlers/trip.go:28.9,32.3 3 1
guidely-app/internal/handlers/trip.go:33.2,34.16 2 1
guidely-app/internal/handlers/trip.go:34.16,39.3 4 0
guidely-app/internal/handlers/trip.go:40.2,41.26 2 1
guidely-app/internal/handlers/trip.go:41.26,51.3 1 1
guidely-app/internal/handlers/trip.go:52.2,53.37 2 1
guidely-app/internal/handlers/trip.go:56.70,59.9 3 1
guidely-app/internal/handlers/trip.go:59.9,63.3 3 1
guidely-app/internal/handlers/trip.go:64.2,65.61 2 1
guidely-app/internal/handlers/trip.go:65.61,70.3 4 0
guidely-app/internal/handlers/trip.go:71.2,81.16 3 1
guidely-app/internal/handlers/trip.go:81.16,86.3 4 0
guidely-app/internal/handlers/trip.go:87.2,92.4 3 1
guidely-app/internal/handlers/trip.go:95.74,98.9 3 1
guidely-app/internal/handlers/trip.go:98.9,102.3 3 0
guidely-app/internal/handlers/trip.go:103.2,104.16 2 1
guidely-app/internal/handlers/trip.go:104.16,109.3 4 0
guidely-app/internal/handlers/trip.go:111.2,112.16 2 1
guidely-app/internal/handlers/trip.go:112.16,114.38 2 1
guidely-app/internal/handlers/trip.go:114.38,118.4 3 1
guidely-app/internal/handlers/trip.go:119.3,121.9 3 0
guidely-app/internal/handlers/trip.go:123.2,133.37 3 1
guidely-app/internal/handlers/trip.go:136.70,139.9 3 1
guidely-app/internal/handlers/trip.go:139.9,143.3 3 1
guidely-app/internal/handlers/trip.go:144.2,146.16 3 1
guidely-app/internal/handlers/trip.go:146.16,151.3 4 0
guidely-app/internal/handlers/trip.go:152.2,153.61 2 1
guidely-app/internal/handlers/trip.go:153.61,158.3 4 0
guidely-app/internal/handlers/trip.go:159.2,169.16 3 1
guidely-app/internal/handlers/trip.go:169.16,174.3 4 0
guidely-app/internal/handlers/trip.go:175.2,176.63 2 1
guidely-app/internal/handlers/trip.go:179.70,182.9 3 1
guidely-app/internal/handlers/trip.go:182.9,186.3 3 1
guidely-app/internal/handlers/trip.go:187.2,189.16 3 1
guidely-app/internal/handlers/trip.go:189.16,193.3 3 0
guidely-app/internal/handlers/trip.go:194.2,194.70 1 1
guidely-app/internal/handlers/trip.go:194.70,196.10 2 0
guidely-app/internal/handlers/trip.go:197.40,198.56 1 0
guidely-app/internal/handlers/trip.go:199.40,200.52 1 0
guidely-app/internal/handlers/trip.go:201.11,202.67 1 0
guidely-app/internal/handlers/trip.go:204.3,204.9 1 0
guidely-app/internal/handlers/trip.go:206.2,206.37 1 1
guidely-app/internal/handlers/trip.go:209.77,212.16 3 0
guidely-app/internal/handlers/trip.go:212.16,217.3 4 0
guidely-app/internal/handlers/trip.go:219.2,220.16 2 0
guidely-app/internal/handlers/trip.go:220.16,225.3 4 0
guidely-app/internal/handlers/trip.go:227.2,227.21 1 0
guidely-app/internal/handlers/trip.go:227.21,229.3 1 0
guidely-app/internal/handlers/trip.go:231.2,231.37 1 0
guidely-app/internal/handlers/trip.go:234.72,237.9 3 0
guidely-app/internal/handlers/trip.go:237.9,241.3 3 0
guidely-app/internal/handlers/trip.go:243.2,245.16 3 0
guidely-app/internal/handlers/trip.go:245.16,250.3 4 0
guidely-app/internal/handlers/trip.go:252.2,256.61 2 0
guidely-app/internal/handlers/trip.go:256.61,261.3 4 0
guidely-app/internal/handlers/trip.go:263.2,263.111 1 0
guidely-app/internal/handlers/trip.go:263.111,268.3 4 0
guidely-app/internal/handlers/trip.go:270.2,272.80 3 0
guidely-app/internal/handlers/trip.go:275.75,278.9 3 0
guidely-app/internal/handlers/trip.go:278.9,282.3 3 0
guidely-app/internal/handlers/trip.go:284.2,286.16 3 0
guidely-app/internal/handlers/trip.go:286.16,291.3 4 0
guidely-app/internal/handlers/trip.go:293.2,294.16 2 0
guidely-app/internal/handlers/trip.go:294.16,299.3 4 0
guidely-app/internal/handlers/trip.go:301.2,301.96 1 0
guidely-app/internal/handlers/trip.go:301.96,306.3 4 0
guidely-app/internal/handlers/trip.go:308.2,309.37 2 0
guidely-app/cmd/album/main.go:17.13,20.16 3 0
guidely-app/cmd/album/main.go:20.16,22.3 1 0
guidely-app/cmd/album/main.go:23.2,35.25 10 0
guidely-app/cmd/auth/main.go:17.13,20.16 3 0
guidely-app/cmd/auth/main.go:20.16,22.3 1 0
guidely-app/cmd/auth/main.go:23.2,38.25 12 0
guidely-app/cmd/review/main.go:17.13,20.16 3 0
guidely-app/cmd/review/main.go:20.16,22.3 1 0
guidely-app/cmd/review/main.go:23.2,35.25 10 0
guidely-app/docs/docs.go:354.13,356.2 1 0
guidely-app/cmd/api/main.go:28.13,30.16 2 0
guidely-app/cmd/api/main.go:30.16,32.3 1 0
guidely-app/cmd/api/main.go:34.2,37.16 3 0
guidely-app/cmd/api/main.go:37.16,39.3 1 0
guidely-app/cmd/api/main.go:40.2,46.16 5 0
guidely-app/cmd/api/main.go:46.16,48.3 1 0
guidely-app/cmd/api/main.go:49.2,52.16 3 0
guidely-app/cmd/api/main.go:52.16,54.3 1 0
guidely-app/cmd/api/main.go:55.2,58.16 3 0
guidely-app/cmd/api/main.go:58.16,60.3 1 0
guidely-app/cmd/api/main.go:61.2,135.49 60 0
guidely-app/cmd/api/main.go:138.42,139.34 1 0
guidely-app/cmd/api/main.go:139.34,141.3 1 0
guidely-app/cmd/api/main.go:142.2,142.17 1 0
guidely-app/internal/album/repository/album_repo.go:16.48,18.2 1 0
guidely-app/internal/album/repository/album_repo.go:20.76,26.2 2 0
guidely-app/internal/album/repository/album_repo.go:28.84,36.35 4 0
guidely-app/internal/album/repository/album_repo.go:36.35,38.3 1 0
guidely-app/internal/album/repository/album_repo.go:39.2,39.20 1 0
guidely-app/internal/album/repository/album_repo.go:42.91,46.16 3 0
guidely-app/internal/album/repository/album_repo.go:46.16,48.3 1 0
guidely-app/internal/album/repository/album_repo.go:49.2,51.18 3 0
guidely-app/internal/album/repository/album_repo.go:51.18,54.75 2 0
guidely-app/internal/album/repository/album_repo.go:54.75,56.4 1 0
guidely-app/internal/album/repository/album_repo.go:57.3,57.29 1 0
guidely-app/internal/album/repository/album_repo.go:59.2,59.20 1 0
guidely-app/internal/album/repository/album_repo.go:62.76,67.2 3 0
guidely-app/internal/album/repository/album_repo.go:69.66,72.2 2 0
guidely-app/internal/album/repository/album_repo.go:74.95,78.2 2 0
guidely-app/internal/album/repository/album_repo.go:80.85,83.2 2 0
guidely-app/internal/album/repository/album_repo.go:85.97,89.16 3 0
guidely-app/internal/album/repository/album_repo.go:89.16,91.3 1 0
guidely-app/internal/album/repository/album_repo.go:92.2,94.18 3 0
guidely-app/internal/album/repository/album_repo.go:94.18,96.88 2 0
guidely-app/internal/album/repository/album_repo.go:96.88,98.4 1 0
guidely-app/internal/album/repository/album_repo.go:99.3,99.29 1 0
guidely-app/internal/album/repository/album_repo.go:101.2,101.20 1 0
guidely-app/internal/auth/repository/mocks/mock_repository.go:27.73,31.2 3 0
guidely-app/internal/auth/repository/mocks/mock_repository.go:34.71,36.2 1 0
guidely-app/internal/auth/repository/mocks/mock_repository.go:39.84,44.2 4 0
guidely-app/internal/auth/repository/mocks/mock_repository.go:47.87,50.2 2 0
guidely-app/internal/auth/repository/mocks/mock_repository.go:53.95,59.2 5 0
guidely-app/internal/auth/repository/mocks/mock_repository.go:62.88,65.2 2 0
guidely-app/internal/auth/repository/mocks/mock_repository.go:68.98,74.2 5 0
guidely-app/internal/auth/repository/mocks/mock_repository.go:77.91,80.2 2 0
guidely-app/internal/auth/repository/mocks/mock_repository.go:83.101,89.2 5 0
guidely-app/internal/auth/repository/mocks/mock_repository.go:92.94,95.2 2 0
guidely-app/internal/auth/repository/mocks/mock_repository.go:98.84,103.2 4 0
guidely-app/internal/auth/repository/mocks/mock_repository.go:106.87,109.2 2 0
guidely-app/internal/auth/repository/mocks/mock_repository.go:123.79,127.2 3 0
guidely-app/internal/auth/repository/mocks/mock_repository.go:130.77,132.2 1 0
guidely-app/internal/auth/repository/mocks/mock_repository.go:135.90,140.2 4 0
guidely-app/internal/auth/repository/mocks/mock_repository.go:143.90,146.2 2 0
guidely-app/internal/auth/repository/mocks/mock_repository.go:149.88,154.2 4 0
guidely-app/internal/auth/repository/mocks/mock_repository.go:157.97,160.2 2 0
guidely-app/internal/auth/repository/mocks/mock_repository.go:163.104,169.2 5 0
guidely-app/internal/auth/repository/mocks/mock_repository.go:172.94,175.2 2 0
guidely-app/pkg/pb/album/album.pb.go:29.46,29.75 1 0
guidely-app/pkg/pb/album/album.pb.go:30.47,30.88 1 0
guidely-app/pkg/pb/album/album.pb.go:31.48,31.49 0 0
guidely-app/pkg/pb/album/album.pb.go:32.66,32.80 1 0
guidely-app/pkg/pb/album/album.pb.go:33.54,33.73 1 0
guidely-app/pkg/pb/album/album.pb.go:34.55,34.72 1 0
guidely-app/pkg/pb/album/album.pb.go:35.55,35.79 1 0
guidely-app/pkg/pb/album/album.pb.go:36.55,36.77 1 0
guidely-app/pkg/pb/album/album.pb.go:46.43,46.69 1 0
guidely-app/pkg/pb/album/album.pb.go:47.44,47.85 1 0
guidely-app/pkg/pb/album/album.pb.go:48.45,48.46 0 0
guidely-app/pkg/pb/album/album.pb.go:49.63,49.77 1 0
guidely-app/pkg/pb/album/album.pb.go:50.42,50.57 1 0
guidely-app/pkg/pb/album/album.pb.go:60.49,60.81 1 0
guidely-app/pkg/pb/album/album.pb.go:61.50,61.91 1 0
guidely-app/pkg/pb/album/album.pb.go:62.51,62.52 0 0
guidely-app/pkg/pb/album/album.pb.go:63.69,63.83 1 0
guidely-app/pkg/pb/album/album.pb.go:64.52,64.71 1 0
guidely-app/pkg/pb/album/album.pb.go:77.46,77.75 1 0
guidely-app/pkg/pb/album/album.pb.go:78.47,78.88 1 0
guidely-app/pkg/pb/album/album.pb.go:79.48,79.49 0 0
guidely-app/pkg/pb/album/album.pb.go:80.66,80.80 1 0
guidely-app/pkg/pb/album/album.pb.go:81.54,81.69 1 0
guidely-app/pkg/pb/album/album.pb.go:82.55,82.72 1 0
guidely-app/pkg/pb/album/album.pb.go:83.55,83.79 1 0
guidely-app/pkg/pb/album/album.pb.go:84.55,84.77 1 0
guidely-app/pkg/pb/album/album.pb.go:94.46,94.75 1 0
guidely-app/pkg/pb/album/album.pb.go:95.47,95.88 1 0
guidely-app/pkg/pb/album/album.pb.go:96.48,96.49 0 0
guidely-app/pkg/pb/album/album.pb.go:97.66,97.80 1 0
guidely-app/pkg/pb/album/album.pb.go:98.45,98.60 1 0
guidely-app/pkg/pb/album/album.pb.go:113.33,113.49 1 0
guidely-app/pkg/pb/album/album.pb.go:114.34,114.75 1 0
guidely-app/pkg/pb/album/album.pb.go:115.35,115.36 0 0
guidely-app/pkg/pb/album/album.pb.go:116.53,116.67 1 0
guidely-app/pkg/pb/album/album.pb.go:117.42,117.57 1 0
guidely-app/pkg/pb/album/album.pb.go:118.42,118.61 1 0
guidely-app/pkg/pb/album/album.pb.go:119.43,119.60 1 0
guidely-app/pkg/pb/album/album.pb.go:120.43,120.67 1 0
guidely-app/pkg/pb/album/album.pb.go:121.43,121.68 1 0
guidely-app/pkg/pb/album/album.pb.go:122.43,122.65 1 0
guidely-app/pkg/pb/album/album.pb.go:134.43,134.69 1 0
guidely-app/pkg/pb/album/album.pb.go:135.44,135.85 1 0
guidely-app/pkg/pb/album/album.pb.go:136.45,136.46 0 0
guidely-app/pkg/pb/album/album.pb.go:137.63,137.77 1 0
guidely-app/pkg/pb/album/album.pb.go:138.47,138.67 1 0
guidely-app/pkg/pb/album/album.pb.go:139.47,139.67 1 0
guidely-app/pkg/pb/album/album.pb.go:140.47,140.65 1 0
guidely-app/pkg/pb/album/album.pb.go:151.46,151.75 1 0
guidely-app/pkg/pb/album/album.pb.go:152.47,152.88 1 0
guidely-app/pkg/pb/album/album.pb.go:153.48,153.49 0 0
guidely-app/pkg/pb/album/album.pb.go:154.66,154.80 1 0
guidely-app/pkg/pb/album/album.pb.go:155.50,155.70 1 0
guidely-app/pkg/pb/album/album.pb.go:156.50,156.70 1 0
guidely-app/pkg/pb/album/album.pb.go:169.38,169.59 1 0
guidely-app/pkg/pb/album/album.pb.go:170.39,170.80 1 0
guidely-app/pkg/pb/album/album.pb.go:171.40,171.41 0 0
guidely-app/pkg/pb/album/album.pb.go:172.58,172.72 1 0
guidely-app/pkg/pb/album/album.pb.go:173.45,173.65 1 0
guidely-app/pkg/pb/album/album.pb.go:174.45,174.65 1 0
guidely-app/pkg/pb/album/album.pb.go:175.45,175.68 1 0
guidely-app/pkg/pb/album/album.pb.go:176.45,176.67 1 0
guidely-app/pkg/pb/album/album.pb.go:186.49,186.81 1 0
guidely-app/pkg/pb/album/album.pb.go:187.50,187.91 1 0
guidely-app/pkg/pb/album/album.pb.go:188.51,188.52 0 0
guidely-app/pkg/pb/album/album.pb.go:189.69,189.83 1 0
guidely-app/pkg/pb/album/album.pb.go:190.53,190.73 1 0
guidely-app/pkg/pb/album/album.pb.go:200.50,200.83 1 0
guidely-app/pkg/pb/album/album.pb.go:201.51,201.92 1 0
guidely-app/pkg/pb/album/album.pb.go:202.52,202.53 0 0
guidely-app/pkg/pb/album/album.pb.go:203.70,203.84 1 0
guidely-app/pkg/pb/album/album.pb.go:204.60,204.79 1 0
guidely-app/pkg/pb/album/album_grpc.pb.go:31.76,33.2 1 0
guidely-app/pkg/pb/album/album_grpc.pb.go:35.123,38.16 3 0
guidely-app/pkg/pb/album/album_grpc.pb.go:38.16,40.3 1 0
guidely-app/pkg/pb/album/album_grpc.pb.go:41.2,41.17 1 0
guidely-app/pkg/pb/album/album_grpc.pb.go:44.117,47.16 3 0
guidely-app/pkg/pb/album/album_grpc.pb.go:47.16,49.3 1 0
guidely-app/pkg/pb/album/album_grpc.pb.go:50.2,50.17 1 0
guidely-app/pkg/pb/album/album_grpc.pb.go:53.129,56.16 3 0
guidely-app/pkg/pb/album/album_grpc.pb.go:56.16,58.3 1 0
guidely-app/pkg/pb/album/album_grpc.pb.go:59.2,59.17 1 0
guidely-app/pkg/pb/album/album_grpc.pb.go:62.123,65.16 3 0
guidely-app/pkg/pb/album/album_grpc.pb.go:65.16,67.3 1 0
guidely-app/pkg/pb/album/album_grpc.pb.go:68.2,68.17 1 0
guidely-app/pkg/pb/album/album_grpc.pb.go:71.131,74.16 3 0
guidely-app/pkg/pb/album/album_grpc.pb.go:74.16,76.3 1 0
guidely-app/pkg/pb/album/album_grpc.pb.go:77.2,77.17 1 0
guidely-app/pkg/pb/album/album_grpc.pb.go:80.127,83.16 3 0
guidely-app/pkg/pb/album/album_grpc.pb.go:83.16,85.3 1 0
guidely-app/pkg/pb/album/album_grpc.pb.go:86.2,86.17 1 0
guidely-app/pkg/pb/album/album_grpc.pb.go:89.136,92.16 3 0
guidely-app/pkg/pb/album/album_grpc.pb.go:92.16,94.3 1 0
guidely-app/pkg/pb/album/album_grpc.pb.go:95.2,95.17 1 0
guidely-app/pkg/pb/album/album_grpc.pb.go:98.146,101.16 3 0
guidely-app/pkg/pb/album/album_grpc.pb.go:101.16,103.3 1 0
guidely-app/pkg/pb/album/album_grpc.pb.go:104.2,104.17 1 0
guidely-app/pkg/pb/album/album_grpc.pb.go:123.101,125.2 1 0
guidely-app/pkg/pb/album/album_grpc.pb.go:126.95,128.2 1 0
guidely-app/pkg/pb/album/album_grpc.pb.go:129.107,131.2 1 0
guidely-app/pkg/pb/album/album_grpc.pb.go:132.101,134.2 1 0
guidely-app/pkg/pb/album/album_grpc.pb.go:135.109,137.2 1 0
guidely-app/pkg/pb/album/album_grpc.pb.go:138.105,140.2 1 0
guidely-app/pkg/pb/album/album_grpc.pb.go:141.114,143.2 1 0
guidely-app/pkg/pb/album/album_grpc.pb.go:144.124,146.2 1 0
guidely-app/pkg/pb/album/album_grpc.pb.go:147.84,147.85 0 0
guidely-app/pkg/pb/album/album_grpc.pb.go:154.82,156.2 1 0
guidely-app/pkg/pb/album/album_grpc.pb.go:158.164,160.32 2 0
guidely-app/pkg/pb/album/album_grpc.pb.go:160.32,162.3 1 0
guidely-app/pkg/pb/album/album_grpc.pb.go:163.2,163.24 1 0
guidely-app/pkg/pb/album/album_grpc.pb.go:163.24,165.3 1 0
guidely-app/pkg/pb/album/album_grpc.pb.go:166.2,167.77 2 0
guidely-app/pkg/pb/album/album_grpc.pb.go:167.77,169.3 1 0
guidely-app/pkg/pb/album/album_grpc.pb.go:170.2,170.44 1 0
guidely-app/pkg/pb/album/album_grpc.pb.go:173.161,175.32 2 0
guidely-app/pkg/pb/album/album_grpc.pb.go:175.32,177.3 1 0
guidely-app/pkg/pb/album/album_grpc.pb.go:178.2,178.24 1 0
guidely-app/pkg/pb/album/album_grpc.pb.go:178.24,180.3 1 0
guidely-app/pkg/pb/album/album_grpc.pb.go:181.2,182.77 2 0
guidely-app/pkg/pb/album/album_grpc.pb.go:182.77,184.3 1 0
guidely-app/pkg/pb/album/album_grpc.pb.go:185.2,185.44 1 0
guidely-app/pkg/pb/album/album_grpc.pb.go:188.167,190.32 2 0
guidely-app/pkg/pb/album/album_grpc.pb.go:190.32,192.3 1 0
guidely-app/pkg/pb/album/album_grpc.pb.go:193.2,193.24 1 0
guidely-app/pkg/pb/album/album_grpc.pb.go:193.24,195.3 1 0
guidely-app/pkg/pb/album/album_grpc.pb.go:196.2,197.77 2 0
guidely-app/pkg/pb/album/album_grpc.pb.go:197.77,199.3 1 0
guidely-app/pkg/pb/album/album_grpc.pb.go:200.2,200.44 1 0
guidely-app/pkg/pb/album/album_grpc.pb.go:203.164,205.32 2 0
guidely-app/pkg/pb/album/album_grpc.pb.go:205.32,207.3 1 0
guidely-app/pkg/pb/album/album_grpc.pb.go:208.2,208.24 1 0
guidely-app/pkg/pb/album/album_grpc.pb.go:208.24,210.3 1 0
guidely-app/pkg/pb/album/album_grpc.pb.go:211.2,212.77 2 0
guidely-app/pkg/pb/album/album_grpc.pb.go:212.77,214.3 1 0
guidely-app/pkg/pb/album/album_grpc.pb.go:215.2,215.44 1 0
guidely-app/pkg/pb/album/album_grpc.pb.go:218.164,220.32 2 0
guidely-app/pkg/pb/album/album_grpc.pb.go:220.32,222.3 1 0
guidely-app/pkg/pb/album/album_grpc.pb.go:223.2,223.24 1 0
guidely-app/pkg/pb/album/album_grpc.pb.go:223.24,225.3 1 0
guidely-app/pkg/pb/album/album_grpc.pb.go:226.2,227.77 2 0
guidely-app/pkg/pb/album/album_grpc.pb.go:227.77,229.3 1 0
guidely-app/pkg/pb/album/album_grpc.pb.go:230.2,230.44 1 0
guidely-app/pkg/pb/album/album_grpc.pb.go:233.166,235.32 2 0
guidely-app/pkg/pb/album/album_grpc.pb.go:235.32,237.3 1 0
guidely-app/pkg/pb/album/album_grpc.pb.go:238.2,238.24 1 0
guidely-app/pkg/pb/album/album_grpc.pb.go:238.24,240.3 1 0
guidely-app/pkg/pb/album/album_grpc.pb.go:241.2,242.77 2 0
guidely-app/pkg/pb/album/album_grpc.pb.go:242.77,244.3 1 0
guidely-app/pkg/pb/album/album_grpc.pb.go:245.2,245.44 1 0
guidely-app/pkg/pb/album/album_grpc.pb.go:248.169,250.32 2 0
guidely-app/pkg/pb/album/album_grpc.pb.go:250.32,252.3 1 0
guidely-app/pkg/pb/album/album_grpc.pb.go:253.2,253.24 1 0
guidely-app/pkg/pb/album/album_grpc.pb.go:253.24,255.3 1 0
guidely-app/pkg/pb/album/album_grpc.pb.go:256.2,257.77 2 0
guidely-app/pkg/pb/album/album_grpc.pb.go:257.77,259.3 1 0
guidely-app/pkg/pb/album/album_grpc.pb.go:260.2,260.44 1 0
guidely-app/pkg/pb/album/album_grpc.pb.go:263.167,265.32 2 0
guidely-app/pkg/pb/album/album_grpc.pb.go:265.32,267.3 1 0
guidely-app/pkg/pb/album/album_grpc.pb.go:268.2,268.24 1 0
guidely-app/pkg/pb/album/album_grpc.pb.go:268.24,270.3 1 0
guidely-app/pkg/pb/album/album_grpc.pb.go:271.2,272.77 2 0
guidely-app/pkg/pb/album/album_grpc.pb.go:272.77,274.3 1 0
guidely-app/pkg/pb/album/album_grpc.pb.go:275.2,275.44 1 0
guidely-app/pkg/pb/album/mock_album_grpc.go:23.81,27.2 3 0
guidely-app/pkg/pb/album/mock_album_grpc.go:29.79,31.2 1 0
guidely-app/pkg/pb/album/mock_album_grpc.go:33.127,36.25 3 0
guidely-app/pkg/pb/album/mock_album_grpc.go:36.25,38.3 1 0
guidely-app/pkg/pb/album/mock_album_grpc.go:39.2,42.19 4 0
guidely-app/pkg/pb/album/mock_album_grpc.go:45.109,49.2 3 0
guidely-app/pkg/pb/album/mock_album_grpc.go:51.121,54.25 3 0
guidely-app/pkg/pb/album/mock_album_grpc.go:54.25,56.3 1 0
guidely-app/pkg/pb/album/mock_album_grpc.go:57.2,60.19 4 0
guidely-app/pkg/pb/album/mock_album_grpc.go:63.106,67.2 3 0
guidely-app/pkg/pb/album/mock_album_grpc.go:69.133,72.25 3 0
guidely-app/pkg/pb/album/mock_album_grpc.go:72.25,74.3 1 0
guidely-app/pkg/pb/album/mock_album_grpc.go:75.2,78.19 4 0
guidely-app/pkg/pb/album/mock_album_grpc.go:81.112,85.2 3 0
guidely-app/pkg/pb/album/mock_album_grpc.go:87.127,90.25 3 0
guidely-app/pkg/pb/album/mock_album_grpc.go:90.25,92.3 1 0
guidely-app/pkg/pb/album/mock_album_grpc.go:93.2,96.19 4 0
guidely-app/pkg/pb/album/mock_album_grpc.go:99.109,103.2 3 0
guidely-app/pkg/pb/album/mock_album_grpc.go:105.135,108.25 3 0
guidely-app/pkg/pb/album/mock_album_grpc.go:108.25,110.3 1 0
guidely-app/pkg/pb/album/mock_album_grpc.go:111.2,114.19 4 0
guidely-app/pkg/pb/album/mock_album_grpc.go:117.109,121.2 3 0
guidely-app/pkg/pb/album/mock_album_grpc.go:123.131,126.25 3 0
guidely-app/pkg/pb/album/mock_album_grpc.go:126.25,128.3 1 0
guidely-app/pkg/pb/album/mock_album_grpc.go:129.2,132.19 4 0
guidely-app/pkg/pb/album/mock_album_grpc.go:135.111,139.2 3 0
guidely-app/pkg/pb/album/mock_album_grpc.go:141.140,144.25 3 0
guidely-app/pkg/pb/album/mock_album_grpc.go:144.25,146.3 1 0
guidely-app/pkg/pb/album/mock_album_grpc.go:147.2,150.19 4 0
guidely-app/pkg/pb/album/mock_album_grpc.go:153.114,157.2 3 0
guidely-app/pkg/pb/album/mock_album_grpc.go:159.150,162.25 3 0
guidely-app/pkg/pb/album/mock_album_grpc.go:162.25,164.3 1 0
guidely-app/pkg/pb/album/mock_album_grpc.go:165.2,168.19 4 0
guidely-app/pkg/pb/album/mock_album_grpc.go:171.112,175.2 3 0
guidely-app/internal/testutil/ptr.go:5.34,7.2 1 0
guidely-app/internal/testutil/ptr.go:9.28,11.2 1 0
guidely-app/internal/testutil/ptr.go:13.38,15.2 1 0
guidely-app/internal/logger/logger.go:18.25,24.16 4 0
guidely-app/internal/logger/logger.go:24.16,26.3 1 0
guidely-app/internal/logger/logger.go:27.2,27.19 1 0
guidely-app/internal/logger/logger.go:30.49,31.71 1 0
guidely-app/internal/logger/logger.go:31.71,34.18 3 0
guidely-app/internal/logger/logger.go:34.18,36.4 1 0
guidely-app/internal/logger/logger.go:37.3,40.17 3 0
guidely-app/internal/logger/logger.go:40.17,47.4 1 0
guidely-app/internal/logger/logger.go:49.3,52.17 3 0
guidely-app/internal/logger/logger.go:52.17,60.4 1 0
guidely-app/internal/logger/logger.go:69.49,72.2 2 0
guidely-app/internal/logger/logger.go:74.47,75.55 1 0
guidely-app/internal/logger/logger.go:75.55,77.3 1 0
guidely-app/internal/logger/logger.go:78.2,78.11 1 0
guidely-app/internal/logger/logger.go:81.66,82.16 1 0
guidely-app/internal/logger/logger.go:82.16,84.3 1 0
guidely-app/internal/logger/logger.go:85.2,85.19 1 0
guidely-app/internal/logger/logger.go:85.19,87.3 1 0
guidely-app/internal/logger/logger.go:88.2,89.34 2 0
guidely-app/internal/logger/logger.go:92.67,93.16 1 0
guidely-app/internal/logger/logger.go:93.16,95.3 1 0
guidely-app/internal/logger/logger.go:96.2,96.19 1 0
guidely-app/internal/logger/logger.go:96.19,98.3 1 0
guidely-app/internal/logger/logger.go:99.2,100.35 2 0
guidely-app/internal/logger/logger.go:103.67,104.16 1 0
guidely-app/internal/logger/logger.go:104.16,106.3 1 0
guidely-app/internal/logger/logger.go:107.2,107.19 1 0
guidely-app/internal/logger/logger.go:107.19,109.3 1 0
guidely-app/internal/logger/logger.go:110.2,111.35 2 0
guidely-app/internal/logger/logger.go:114.66,115.16 1 0
guidely-app/internal/logger/logger.go:115.16,117.3 1 0
guidely-app/internal/logger/logger.go:118.2,118.19 1 0
guidely-app/internal/logger/logger.go:118.19,120.3 1 0
guidely-app/internal/logger/logger.go:121.2,122.34 2 0
guidely-app/internal/review/repository/review_repo.go:17.50,19.2 1 0
guidely-app/internal/review/repository/review_repo.go:21.79,27.2 2 0
guidely-app/internal/review/repository/review_repo.go:29.86,37.35 4 0
guidely-app/internal/review/repository/review_repo.go:37.35,39.3 1 0
guidely-app/internal/review/repository/review_repo.go:40.2,40.18 1 0
guidely-app/internal/review/repository/review_repo.go:43.117,53.16 3 0
guidely-app/internal/review/repository/review_repo.go:53.16,55.3 1 0
guidely-app/internal/review/repository/review_repo.go:56.2,58.18 3 0
guidely-app/internal/review/repository/review_repo.go:58.18,63.17 4 0
guidely-app/internal/review/repository/review_repo.go:63.17,65.4 1 0
guidely-app/internal/review/repository/review_repo.go:66.3,67.33 2 0
guidely-app/internal/review/repository/review_repo.go:69.2,69.21 1 0
guidely-app/internal/review/repository/review_repo.go:72.67,75.2 2 0
guidely-app/internal/review/repository/mocks/mock_repository.go:23.77,27.2 3 0
guidely-app/internal/review/repository/mocks/mock_repository.go:29.75,31.2 1 0
guidely-app/internal/review/repository/mocks/mock_repository.go:33.88,38.2 4 0
guidely-app/internal/review/repository/mocks/mock_repository.go:40.89,43.2 2 0
guidely-app/internal/review/repository/mocks/mock_repository.go:45.99,51.2 5 0
guidely-app/internal/review/repository/mocks/mock_repository.go:53.90,56.2 2 0
guidely-app/internal/review/repository/mocks/mock_repository.go:58.125,64.2 5 0
guidely-app/internal/review/repository/mocks/mock_repository.go:66.105,69.2 2 0
guidely-app/internal/review/repository/mocks/mock_repository.go:71.80,76.2 4 0
guidely-app/internal/review/repository/mocks/mock_repository.go:78.89,81.2 2 0
guidely-app/pkg/pb/auth/auth.pb.go:29.43,29.69 1 0
guidely-app/pkg/pb/auth/auth.pb.go:30.44,30.85 1 0
guidely-app/pkg/pb/auth/auth.pb.go:31.45,31.46 0 0
guidely-app/pkg/pb/auth/auth.pb.go:32.63,34.2 1 0
guidely-app/pkg/pb/auth/auth.pb.go:35.48,35.66 1 0
guidely-app/pkg/pb/auth/auth.pb.go:36.48,36.69 1 0
guidely-app/pkg/pb/auth/auth.pb.go:37.48,37.69 1 0
guidely-app/pkg/pb/auth/auth.pb.go:48.44,48.71 1 0
guidely-app/pkg/pb/auth/auth.pb.go:49.45,49.86 1 0
guidely-app/pkg/pb/auth/auth.pb.go:50.46,50.47 0 0
guidely-app/pkg/pb/auth/auth.pb.go:51.64,51.78 1 0
guidely-app/pkg/pb/auth/auth.pb.go:52.48,52.67 1 0
guidely-app/pkg/pb/auth/auth.pb.go:53.48,53.68 1 0
guidely-app/pkg/pb/auth/auth.pb.go:64.40,64.63 1 0
guidely-app/pkg/pb/auth/auth.pb.go:65.41,65.82 1 0
guidely-app/pkg/pb/auth/auth.pb.go:66.42,66.43 0 0
guidely-app/pkg/pb/auth/auth.pb.go:67.60,67.74 1 0
guidely-app/pkg/pb/auth/auth.pb.go:68.45,68.63 1 0
guidely-app/pkg/pb/auth/auth.pb.go:69.45,69.66 1 0
guidely-app/pkg/pb/auth/auth.pb.go:82.41,82.65 1 0
guidely-app/pkg/pb/auth/auth.pb.go:83.42,83.83 1 0
guidely-app/pkg/pb/auth/auth.pb.go:84.43,84.44 0 0
guidely-app/pkg/pb/auth/auth.pb.go:85.61,85.75 1 0
guidely-app/pkg/pb/auth/auth.pb.go:86.47,86.66 1 0
guidely-app/pkg/pb/auth/auth.pb.go:87.47,87.65 1 0
guidely-app/pkg/pb/auth/auth.pb.go:88.47,88.68 1 0
guidely-app/pkg/pb/auth/auth.pb.go:89.47,89.69 1 0
guidely-app/pkg/pb/auth/auth.pb.go:99.41,99.65 1 0
guidely-app/pkg/pb/auth/auth.pb.go:100.42,100.83 1 0
guidely-app/pkg/pb/auth/auth.pb.go:101.43,101.44 0 0
guidely-app/pkg/pb/auth/auth.pb.go:102.61,102.75 1 0
guidely-app/pkg/pb/auth/auth.pb.go:103.43,103.61 1 0
guidely-app/pkg/pb/auth/auth.pb.go:113.42,113.67 1 0
guidely-app/pkg/pb/auth/auth.pb.go:114.43,114.84 1 0
guidely-app/pkg/pb/auth/auth.pb.go:115.44,115.45 0 0
guidely-app/pkg/pb/auth/auth.pb.go:116.62,116.76 1 0
guidely-app/pkg/pb/auth/auth.pb.go:117.45,117.64 1 0
guidely-app/pkg/pb/auth/auth.pb.go:137.32,137.47 1 0
guidely-app/pkg/pb/auth/auth.pb.go:138.33,138.74 1 0
guidely-app/pkg/pb/auth/auth.pb.go:139.34,139.35 0 0
guidely-app/pkg/pb/auth/auth.pb.go:140.52,140.66 1 0
guidely-app/pkg/pb/auth/auth.pb.go:141.38,141.53 1 0
guidely-app/pkg/pb/auth/auth.pb.go:142.38,142.56 1 0
guidely-app/pkg/pb/auth/auth.pb.go:143.38,143.59 1 0
guidely-app/pkg/pb/auth/auth.pb.go:144.38,144.60 1 0
guidely-app/pkg/pb/auth/auth.pb.go:145.38,145.55 1 0
guidely-app/pkg/pb/auth/auth.pb.go:160.48,160.79 1 0
guidely-app/pkg/pb/auth/auth.pb.go:161.49,161.90 1 0
guidely-app/pkg/pb/auth/auth.pb.go:162.50,162.51 0 0
guidely-app/pkg/pb/auth/auth.pb.go:163.68,163.82 1 0
guidely-app/pkg/pb/auth/auth.pb.go:164.54,164.73 1 0
guidely-app/pkg/pb/auth/auth.pb.go:165.55,165.76 1 0
guidely-app/pkg/pb/auth/auth.pb.go:166.55,166.77 1 0
guidely-app/pkg/pb/auth/auth.pb.go:167.55,167.75 1 0
guidely-app/pkg/pb/auth/auth.pb.go:168.55,168.72 1 0
guidely-app/pkg/pb/auth/auth.pb.go:169.55,169.73 1 0
guidely-app/pkg/pb/auth/auth.pb.go:181.47,181.77 1 0
guidely-app/pkg/pb/auth/auth.pb.go:182.48,182.89 1 0
guidely-app/pkg/pb/auth/auth.pb.go:183.49,183.50 0 0
guidely-app/pkg/pb/auth/auth.pb.go:184.67,184.81 1 0
guidely-app/pkg/pb/auth/auth.pb.go:194.44,194.71 1 0
guidely-app/pkg/pb/auth/auth.pb.go:195.45,195.86 1 0
guidely-app/pkg/pb/auth/auth.pb.go:196.46,196.47 0 0
guidely-app/pkg/pb/auth/auth.pb.go:197.64,197.78 1 0
guidely-app/pkg/pb/auth/auth.pb.go:207.45,207.73 1 0
guidely-app/pkg/pb/auth/auth.pb.go:208.46,208.87 1 0
guidely-app/pkg/pb/auth/auth.pb.go:209.47,209.48 0 0
guidely-app/pkg/pb/auth/auth.pb.go:210.65,210.79 1 0
guidely-app/pkg/pb/auth/auth_grpc.pb.go:30.74,32.2 1 0
guidely-app/pkg/pb/auth/auth_grpc.pb.go:34.132,37.16 3 0
guidely-app/pkg/pb/auth/auth_grpc.pb.go:37.16,39.3 1 0
guidely-app/pkg/pb/auth/auth_grpc.pb.go:40.2,40.17 1 0
guidely-app/pkg/pb/auth/auth_grpc.pb.go:43.123,46.16 3 0
guidely-app/pkg/pb/auth/auth_grpc.pb.go:46.16,48.3 1 0
guidely-app/pkg/pb/auth/auth_grpc.pb.go:49.2,49.17 1 0
guidely-app/pkg/pb/auth/auth_grpc.pb.go:52.125,55.16 3 0
guidely-app/pkg/pb/auth/auth_grpc.pb.go:55.16,57.3 1 0
guidely-app/pkg/pb/auth/auth_grpc.pb.go:58.2,58.17 1 0
guidely-app/pkg/pb/auth/auth_grpc.pb.go:61.118,64.16 3 0
guidely-app/pkg/pb/auth/auth_grpc.pb.go:64.16,66.3 1 0
guidely-app/pkg/pb/auth/auth_grpc.pb.go:67.2,67.17 1 0
guidely-app/pkg/pb/auth/auth_grpc.pb.go:70.130,73.16 3 0
guidely-app/pkg/pb/auth/auth_grpc.pb.go:73.16,75.3 1 0
guidely-app/pkg/pb/auth/auth_grpc.pb.go:76.2,76.17 1 0
guidely-app/pkg/pb/auth/auth_grpc.pb.go:79.128,81.16 2 0
guidely-app/pkg/pb/auth/auth_grpc.pb.go:81.16,83.3 1 0
guidely-app/pkg/pb/auth/auth_grpc.pb.go:84.2,85.15 2 0
guidely-app/pkg/pb/auth/auth_grpc.pb.go:98.76,100.2 1 0
guidely-app/pkg/pb/auth/auth_grpc.pb.go:102.71,103.51 1 0
guidely-app/pkg/pb/auth/auth_grpc.pb.go:103.51,105.3 1 0
guidely-app/pkg/pb/auth/auth_grpc.pb.go:106.2,107.50 2 0
guidely-app/pkg/pb/auth/auth_grpc.pb.go:107.50,109.3 1 0
guidely-app/pkg/pb/auth/auth_grpc.pb.go:110.2,110.15 1 0
guidely-app/pkg/pb/auth/auth_grpc.pb.go:113.144,115.16 2 0
guidely-app/pkg/pb/auth/auth_grpc.pb.go:115.16,117.3 1 0
guidely-app/pkg/pb/auth/auth_grpc.pb.go:118.2,119.51 2 0
guidely-app/pkg/pb/auth/auth_grpc.pb.go:119.51,121.3 1 0
guidely-app/pkg/pb/auth/auth_grpc.pb.go:122.2,122.51 1 0
guidely-app/pkg/pb/auth/auth_grpc.pb.go:122.51,124.3 1 0
guidely-app/pkg/pb/auth/auth_grpc.pb.go:125.2,125.15 1 0
guidely-app/pkg/pb/auth/auth_grpc.pb.go:137.73,139.50 2 0
guidely-app/pkg/pb/auth/auth_grpc.pb.go:139.50,141.3 1 0
guidely-app/pkg/pb/auth/auth_grpc.pb.go:142.2,142.15 1 0
guidely-app/pkg/pb/auth/auth_grpc.pb.go:160.110,162.2 1 0
guidely-app/pkg/pb/auth/auth_grpc.pb.go:163.101,165.2 1 0
guidely-app/pkg/pb/auth/auth_grpc.pb.go:166.103,168.2 1 0
guidely-app/pkg/pb/auth/auth_grpc.pb.go:169.96,171.2 1 0
guidely-app/pkg/pb/auth/auth_grpc.pb.go:172.108,174.2 1 0
guidely-app/pkg/pb/auth/auth_grpc.pb.go:175.90,177.2 1 0
guidely-app/pkg/pb/auth/auth_grpc.pb.go:178.103,180.2 1 0
guidely-app/pkg/pb/auth/auth_grpc.pb.go:181.82,181.83 0 0
guidely-app/pkg/pb/auth/auth_grpc.pb.go:198.69,200.2 1 0
guidely-app/pkg/pb/auth/auth_grpc.pb.go:202.78,204.50 2 0
guidely-app/pkg/pb/auth/auth_grpc.pb.go:204.50,206.3 1 0
guidely-app/pkg/pb/auth/auth_grpc.pb.go:207.2,207.15 1 0
guidely-app/pkg/pb/auth/auth_grpc.pb.go:219.71,221.2 1 0
guidely-app/pkg/pb/auth/auth_grpc.pb.go:223.80,225.2 1 0
guidely-app/pkg/pb/auth/auth_grpc.pb.go:227.165,229.32 2 0
guidely-app/pkg/pb/auth/auth_grpc.pb.go:229.32,231.3 1 0
guidely-app/pkg/pb/auth/auth_grpc.pb.go:232.2,232.24 1 0
guidely-app/pkg/pb/auth/auth_grpc.pb.go:232.24,234.3 1 0
guidely-app/pkg/pb/auth/auth_grpc.pb.go:235.2,236.77 2 0
guidely-app/pkg/pb/auth/auth_grpc.pb.go:236.77,238.3 1 0
guidely-app/pkg/pb/auth/auth_grpc.pb.go:239.2,239.44 1 0
guidely-app/pkg/pb/auth/auth_grpc.pb.go:242.162,244.32 2 0
guidely-app/pkg/pb/auth/auth_grpc.pb.go:244.32,246.3 1 0
guidely-app/pkg/pb/auth/auth_grpc.pb.go:247.2,247.24 1 0
guidely-app/pkg/pb/auth/auth_grpc.pb.go:247.24,249.3 1 0
guidely-app/pkg/pb/auth/auth_grpc.pb.go:250.2,251.77 2 0
guidely-app/pkg/pb/auth/auth_grpc.pb.go:251.77,253.3 1 0
guidely-app/pkg/pb/auth/auth_grpc.pb.go:254.2,254.44 1 0
guidely-app/pkg/pb/auth/auth_grpc.pb.go:257.163,259.32 2 0
guidely-app/pkg/pb/auth/auth_grpc.pb.go:259.32,261.3 1 0
guidely-app/pkg/pb/auth/auth_grpc.pb.go:262.2,262.24 1 0
guidely-app/pkg/pb/auth/auth_grpc.pb.go:262.24,264.3 1 0
guidely-app/pkg/pb/auth/auth_grpc.pb.go:265.2,266.77 2 0
guidely-app/pkg/pb/auth/auth_grpc.pb.go:266.77,268.3 1 0
guidely-app/pkg/pb/auth/auth_grpc.pb.go:269.2,269.44 1 0
guidely-app/pkg/pb/auth/auth_grpc.pb.go:272.164,274.32 2 0
guidely-app/pkg/pb/auth/auth_grpc.pb.go:274.32,276.3 1 0
guidely-app/pkg/pb/auth/auth_grpc.pb.go:277.2,277.24 1 0
guidely-app/pkg/pb/auth/auth_grpc.pb.go:277.24,279.3 1 0
guidely-app/pkg/pb/auth/auth_grpc.pb.go:280.2,281.77 2 0
guidely-app/pkg/pb/auth/auth_grpc.pb.go:281.77,283.3 1 0
guidely-app/pkg/pb/auth/auth_grpc.pb.go:284.2,284.44 1 0
guidely-app/pkg/pb/auth/auth_grpc.pb.go:287.170,289.32 2 0
guidely-app/pkg/pb/auth/auth_grpc.pb.go:289.32,291.3 1 0
guidely-app/pkg/pb/auth/auth_grpc.pb.go:292.2,292.24 1 0
guidely-app/pkg/pb/auth/auth_grpc.pb.go:292.24,294.3 1 0
guidely-app/pkg/pb/auth/auth_grpc.pb.go:295.2,296.77 2 0
guidely-app/pkg/pb/auth/auth_grpc.pb.go:296.77,298.3 1 0
guidely-app/pkg/pb/auth/auth_grpc.pb.go:299.2,299.44 1 0
guidely-app/pkg/pb/auth/auth_grpc.pb.go:302.89,304.2 1 0
guidely-app/pkg/pb/auth/auth_grpc.pb.go:306.86,308.42 2 0
guidely-app/pkg/pb/auth/auth_grpc.pb.go:308.42,310.3 1 0
guidely-app/pkg/pb/auth/auth_grpc.pb.go:311.2,311.82 1 0
guidely-app/pkg/db/postgres.go:10.57,13.16 3 0
guidely-app/pkg/db/postgres.go:13.16,15.3 1 0
guidely-app/pkg/db/postgres.go:16.2,16.39 1 0
guidely-app/pkg/db/postgres.go:16.39,18.3 1 0
guidely-app/pkg/db/postgres.go:19.2,19.18 1 0
guidely-app/internal/album/repository/mocks/mock_repository.go:27.75,31.2 3 0
guidely-app/internal/album/repository/mocks/mock_repository.go:34.73,36.2 1 0
guidely-app/internal/album/repository/mocks/mock_repository.go:39.99,44.2 4 0
guidely-app/internal/album/repository/mocks/mock_repository.go:47.102,50.2 2 0
guidely-app/internal/album/repository/mocks/mock_repository.go:53.86,58.2 4 0
guidely-app/internal/album/repository/mocks/mock_repository.go:61.88,64.2 2 0
guidely-app/internal/album/repository/mocks/mock_repository.go:67.79,72.2 4 0
guidely-app/internal/album/repository/mocks/mock_repository.go:75.88,78.2 2 0
guidely-app/internal/album/repository/mocks/mock_repository.go:81.97,87.2 5 0
guidely-app/internal/album/repository/mocks/mock_repository.go:90.89,93.2 2 0
guidely-app/internal/album/repository/mocks/mock_repository.go:96.100,102.2 5 0
guidely-app/internal/album/repository/mocks/mock_repository.go:105.91,108.2 2 0
guidely-app/internal/album/repository/mocks/mock_repository.go:111.105,117.2 5 0
guidely-app/internal/album/repository/mocks/mock_repository.go:120.91,123.2 2 0
guidely-app/internal/album/repository/mocks/mock_repository.go:126.90,131.2 4 0
guidely-app/internal/album/repository/mocks/mock_repository.go:134.99,137.2 2 0
guidely-app/internal/album/repository/mocks/mock_repository.go:140.86,145.2 4 0
guidely-app/internal/album/repository/mocks/mock_repository.go:148.88,151.2 2 0
guidely-app/pkg/pb/review/mock_review_grpc.go:23.83,27.2 3 0
guidely-app/pkg/pb/review/mock_review_grpc.go:29.81,31.2 1 0
guidely-app/pkg/pb/review/mock_review_grpc.go:33.144,36.25 3 0
guidely-app/pkg/pb/review/mock_review_grpc.go:36.25,38.3 1 0
guidely-app/pkg/pb/review/mock_review_grpc.go:39.2,42.19 4 0
guidely-app/pkg/pb/review/mock_review_grpc.go:45.116,49.2 3 0
guidely-app/pkg/pb/review/mock_review_grpc.go:51.143,54.25 3 0
guidely-app/pkg/pb/review/mock_review_grpc.go:54.25,56.3 1 0
guidely-app/pkg/pb/review/mock_review_grpc.go:57.2,60.19 4 0
guidely-app/pkg/pb/review/mock_review_grpc.go:63.116,67.2 3 0
guidely-app/pkg/pb/review/mock_review_grpc.go:69.165,72.25 3 0
guidely-app/pkg/pb/review/mock_review_grpc.go:72.25,74.3 1 0
guidely-app/pkg/pb/review/mock_review_grpc.go:75.2,78.19 4 0
guidely-app/pkg/pb/review/mock_review_grpc.go:81.121,85.2 3 0
guidely-app/pkg/pb/review/review.pb.go:41.47,41.77 1 0
guidely-app/pkg/pb/review/review.pb.go:42.48,42.89 1 0
guidely-app/pkg/pb/review/review.pb.go:43.49,43.50 0 0
guidely-app/pkg/pb/review/review.pb.go:44.67,44.81 1 0
guidely-app/pkg/pb/review/review.pb.go:45.53,45.72 1 0
guidely-app/pkg/pb/review/review.pb.go:46.53,46.73 1 0
guidely-app/pkg/pb/review/review.pb.go:47.53,47.71 1 0
guidely-app/pkg/pb/review/review.pb.go:48.53,48.72 1 0
guidely-app/pkg/pb/review/review.pb.go:49.53,49.73 1 0
guidely-app/pkg/pb/review/review.pb.go:50.54,50.76 1 0
guidely-app/pkg/pb/review/review.pb.go:68.42,68.67 1 0
guidely-app/pkg/pb/review/review.pb.go:69.43,69.84 1 0
guidely-app/pkg/pb/review/review.pb.go:70.44,70.45 0 0
guidely-app/pkg/pb/review/review.pb.go:71.62,71.76 1 0
guidely-app/pkg/pb/review/review.pb.go:72.48,72.63 1 0
guidely-app/pkg/pb/review/review.pb.go:73.48,73.67 1 0
guidely-app/pkg/pb/review/review.pb.go:74.48,74.68 1 0
guidely-app/pkg/pb/review/review.pb.go:75.48,75.66 1 0
guidely-app/pkg/pb/review/review.pb.go:76.48,76.67 1 0
guidely-app/pkg/pb/review/review.pb.go:77.48,77.68 1 0
guidely-app/pkg/pb/review/review.pb.go:78.49,78.71 1 0
guidely-app/pkg/pb/review/review.pb.go:79.48,79.70 1 0
guidely-app/pkg/pb/review/review.pb.go:80.48,80.70 1 0
guidely-app/pkg/pb/review/review.pb.go:91.47,91.77 1 0
guidely-app/pkg/pb/review/review.pb.go:92.48,92.89 1 0
guidely-app/pkg/pb/review/review.pb.go:93.49,93.50 0 0
guidely-app/pkg/pb/review/review.pb.go:94.67,94.81 1 0
guidely-app/pkg/pb/review/review.pb.go:95.52,95.71 1 0
guidely-app/pkg/pb/review/review.pb.go:96.52,96.73 1 0
guidely-app/pkg/pb/review/review.pb.go:106.52,106.87 1 0
guidely-app/pkg/pb/review/review.pb.go:107.53,107.94 1 0
guidely-app/pkg/pb/review/review.pb.go:108.54,108.55 0 0
guidely-app/pkg/pb/review/review.pb.go:109.72,109.86 1 0
guidely-app/pkg/pb/review/review.pb.go:110.56,110.76 1 0
guidely-app/pkg/pb/review/review.pb.go:120.53,120.89 1 0
guidely-app/pkg/pb/review/review.pb.go:121.54,121.95 1 0
guidely-app/pkg/pb/review/review.pb.go:122.55,122.56 0 0
guidely-app/pkg/pb/review/review.pb.go:123.73,123.87 1 0
guidely-app/pkg/pb/review/review.pb.go:124.70,124.90 1 0
guidely-app/pkg/pb/review/review.pb.go:139.44,139.71 1 0
guidely-app/pkg/pb/review/review.pb.go:140.45,140.86 1 0
guidely-app/pkg/pb/review/review.pb.go:141.46,141.47 0 0
guidely-app/pkg/pb/review/review.pb.go:142.64,142.78 1 0
guidely-app/pkg/pb/review/review.pb.go:143.50,143.65 1 0
guidely-app/pkg/pb/review/review.pb.go:144.50,144.68 1 0
guidely-app/pkg/pb/review/review.pb.go:145.50,145.69 1 0
guidely-app/pkg/pb/review/review.pb.go:146.50,146.70 1 0
guidely-app/pkg/pb/review/review.pb.go:147.50,147.72 1 0
guidely-app/pkg/pb/review/review.pb.go:148.50,148.69 1 0
guidely-app/pkg/pb/review/review.pb.go:160.34,160.51 1 0
guidely-app/pkg/pb/review/review.pb.go:161.35,161.76 1 0
guidely-app/pkg/pb/review/review.pb.go:162.36,162.37 0 0
guidely-app/pkg/pb/review/review.pb.go:163.54,163.68 1 0
guidely-app/pkg/pb/review/review.pb.go:164.40,164.55 1 0
guidely-app/pkg/pb/review/review.pb.go:165.40,165.61 1 0
guidely-app/pkg/pb/review/review.pb.go:166.40,166.59 1 0
guidely-app/pkg/pb/review/review.pb.go:183.78,185.2 1 0
guidely-app/pkg/pb/review/review.pb.go:187.140,190.16 3 0
guidely-app/pkg/pb/review/review.pb.go:190.16,192.3 1 0
guidely-app/pkg/pb/review/review.pb.go:193.2,193.17 1 0
guidely-app/pkg/pb/review/review.pb.go:196.139,199.16 3 0
guidely-app/pkg/pb/review/review.pb.go:199.16,201.3 1 0
guidely-app/pkg/pb/review/review.pb.go:202.2,202.17 1 0
guidely-app/pkg/pb/review/review.pb.go:205.161,208.16 3 0
guidely-app/pkg/pb/review/review.pb.go:208.16,210.3 1 0
guidely-app/pkg/pb/review/review.pb.go:211.2,211.17 1 0
guidely-app/pkg/pb/review/review.pb.go:223.118,225.2 1 0
guidely-app/pkg/pb/review/review.pb.go:226.117,228.2 1 0
guidely-app/pkg/pb/review/review.pb.go:229.139,231.2 1 0
guidely-app/pkg/pb/review/review.pb.go:232.86,232.87 0 0
guidely-app/pkg/pb/review/review.pb.go:238.84,240.2 1 0
guidely-app/pkg/pb/review/review.pb.go:242.171,244.32 2 0
guidely-app/pkg/pb/review/review.pb.go:244.32,246.3 1 0
guidely-app/pkg/pb/review/review.pb.go:247.2,247.24 1 0
guidely-app/pkg/pb/review/review.pb.go:247.24,249.3 1 0
guidely-app/pkg/pb/review/review.pb.go:250.2,251.77 2 0
guidely-app/pkg/pb/review/review.pb.go:251.77,253.3 1 0
guidely-app/pkg/pb/review/review.pb.go:254.2,254.44 1 0
guidely-app/pkg/pb/review/review.pb.go:257.171,259.32 2 0
guidely-app/pkg/pb/review/review.pb.go:259.32,261.3 1 0
guidely-app/pkg/pb/review/review.pb.go:262.2,262.24 1 0
guidely-app/pkg/pb/review/review.pb.go:262.24,264.3 1 0
guidely-app/pkg/pb/review/review.pb.go:265.2,266.77 2 0
guidely-app/pkg/pb/review/review.pb.go:266.77,268.3 1 0
guidely-app/pkg/pb/review/review.pb.go:269.2,269.44 1 0
guidely-app/pkg/pb/review/review.pb.go:272.176,274.32 2 0
guidely-app/pkg/pb/review/review.pb.go:274.32,276.3 1 0
guidely-app/pkg/pb/review/review.pb.go:277.2,277.24 1 0
guidely-app/pkg/pb/review/review.pb.go:277.24,279.3 1 0
guidely-app/pkg/pb/review/review.pb.go:280.2,281.77 2 0
guidely-app/pkg/pb/review/review.pb.go:281.77,283.3 1 0
guidely-app/pkg/pb/review/review.pb.go:284.2,284.44 1 0
guidely-app/pkg/config/config.go:18.30,25.51 5 0
guidely-app/pkg/config/config.go:25.51,26.53 1 0
guidely-app/pkg/config/config.go:26.53,28.4 1 0
guidely-app/pkg/config/config.go:31.2,37.8 1 0
guidely-app/pkg/config/config.go:40.46,41.38 1 0
guidely-app/pkg/config/config.go:41.38,43.3 1 0
guidely-app/pkg/config/config.go:44.2,44.21 1 0
guidely-app/internal/storage/memory.go:20.36,30.2 1 0
guidely-app/internal/service/mocks/mock_services.go:24.69,28.2 3 0
guidely-app/internal/service/mocks/mock_services.go:30.67,32.2 1 0
guidely-app/internal/service/mocks/mock_services.go:34.81,40.2 5 0
guidely-app/internal/service/mocks/mock_services.go:42.79,45.2 2 0
guidely-app/internal/service/mocks/mock_services.go:47.113,53.2 5 0
guidely-app/internal/service/mocks/mock_services.go:55.95,58.2 2 0
guidely-app/internal/service/mocks/mock_services.go:60.109,66.2 5 0
guidely-app/internal/service/mocks/mock_services.go:68.89,71.2 2 0
guidely-app/internal/service/mocks/mock_services.go:73.97,79.2 5 0
guidely-app/internal/service/mocks/mock_services.go:81.98,84.2 2 0
guidely-app/internal/service/mocks/mock_services.go:96.67,100.2 3 0
guidely-app/internal/service/mocks/mock_services.go:102.65,104.2 1 0
guidely-app/internal/service/mocks/mock_services.go:106.108,112.2 5 0
guidely-app/internal/service/mocks/mock_services.go:114.84,117.2 2 0
guidely-app/internal/service/mocks/mock_services.go:119.98,125.2 5 0
guidely-app/internal/service/mocks/mock_services.go:127.90,130.2 2 0
guidely-app/internal/service/mocks/mock_services.go:132.121,139.2 6 0
guidely-app/internal/service/mocks/mock_services.go:141.92,144.2 2 0
guidely-app/internal/service/mocks/mock_services.go:146.127,152.2 5 0
guidely-app/internal/service/mocks/mock_services.go:154.96,157.2 2 0
guidely-app/internal/service/mocks/mock_services.go:159.81,164.2 4 0
guidely-app/internal/service/mocks/mock_services.go:166.90,169.2 2 0
guidely-app/internal/service/mocks/mock_services.go:171.96,177.2 5 0
guidely-app/internal/service/mocks/mock_services.go:179.93,182.2 2 0
guidely-app/internal/service/mocks/mock_services.go:184.107,189.2 4 0
guidely-app/internal/service/mocks/mock_services.go:191.110,194.2 2 0
guidely-app/internal/service/mocks/mock_services.go:196.100,201.2 4 0
guidely-app/internal/service/mocks/mock_services.go:203.109,206.2 2 0
guidely-app/internal/service/mocks/mock_services.go:218.73,222.2 3 0
guidely-app/internal/service/mocks/mock_services.go:224.71,226.2 1 0
guidely-app/internal/service/mocks/mock_services.go:228.98,234.2 5 0
guidely-app/internal/service/mocks/mock_services.go:236.91,239.2 2 0
guidely-app/internal/service/mocks/mock_services.go:241.134,247.2 5 0
guidely-app/internal/service/mocks/mock_services.go:249.100,252.2 2 0
guidely-app/internal/service/mocks/mock_services.go:254.113,260.2 5 0
guidely-app/internal/service/mocks/mock_services.go:262.99,265.2 2 0
guidely-app/internal/repository/mocks/mock_repository.go:27.75,31.2 3 0
guidely-app/internal/repository/mocks/mock_repository.go:34.73,36.2 1 0
guidely-app/internal/repository/mocks/mock_repository.go:39.84,45.2 5 0
guidely-app/internal/repository/mocks/mock_repository.go:48.82,51.2 2 0
guidely-app/internal/repository/mocks/mock_repository.go:54.97,60.2 5 0
guidely-app/internal/repository/mocks/mock_repository.go:63.89,66.2 2 0
guidely-app/internal/repository/mocks/mock_repository.go:69.126,75.2 5 0
guidely-app/internal/repository/mocks/mock_repository.go:78.108,81.2 2 0
guidely-app/internal/repository/mocks/mock_repository.go:84.100,90.2 5 0
guidely-app/internal/repository/mocks/mock_repository.go:93.101,96.2 2 0
guidely-app/internal/repository/mocks/mock_repository.go:110.73,114.2 3 0
guidely-app/internal/repository/mocks/mock_repository.go:117.71,119.2 1 0
guidely-app/internal/repository/mocks/mock_repository.go:122.103,127.2 4 0
guidely-app/internal/repository/mocks/mock_repository.go:130.106,133.2 2 0
guidely-app/internal/repository/mocks/mock_repository.go:136.102,142.2 5 0
guidely-app/internal/repository/mocks/mock_repository.go:145.103,148.2 2 0
guidely-app/internal/repository/mocks/mock_repository.go:151.84,156.2 4 0
guidely-app/internal/repository/mocks/mock_repository.go:159.87,162.2 2 0
guidely-app/internal/repository/mocks/mock_repository.go:165.78,170.2 4 0
guidely-app/internal/repository/mocks/mock_repository.go:173.87,176.2 2 0
guidely-app/internal/repository/mocks/mock_repository.go:179.110,185.2 5 0
guidely-app/internal/repository/mocks/mock_repository.go:188.95,191.2 2 0
guidely-app/internal/repository/mocks/mock_repository.go:194.95,200.2 5 0
guidely-app/internal/repository/mocks/mock_repository.go:203.88,206.2 2 0
guidely-app/internal/repository/mocks/mock_repository.go:209.98,215.2 5 0
guidely-app/internal/repository/mocks/mock_repository.go:218.90,221.2 2 0
guidely-app/internal/repository/mocks/mock_repository.go:224.95,230.2 5 0
guidely-app/internal/repository/mocks/mock_repository.go:233.92,236.2 2 0
guidely-app/internal/repository/mocks/mock_repository.go:239.94,244.2 4 0
guidely-app/internal/repository/mocks/mock_repository.go:247.103,250.2 2 0
guidely-app/internal/repository/mocks/mock_repository.go:253.84,258.2 4 0
guidely-app/internal/repository/mocks/mock_repository.go:261.87,264.2 2 0
guidely-app/internal/repository/mocks/mock_repository.go:278.77,282.2 3 0
guidely-app/internal/repository/mocks/mock_repository.go:285.75,287.2 1 0
guidely-app/internal/repository/mocks/mock_repository.go:290.88,295.2 4 0
guidely-app/internal/repository/mocks/mock_repository.go:298.89,301.2 2 0
guidely-app/internal/repository/mocks/mock_repository.go:304.80,309.2 4 0
guidely-app/internal/repository/mocks/mock_repository.go:312.89,315.2 2 0
guidely-app/internal/repository/mocks/mock_repository.go:318.99,324.2 5 0
guidely-app/internal/repository/mocks/mock_repository.go:327.90,330.2 2 0
guidely-app/internal/repository/mocks/mock_repository.go:333.125,339.2 5 0
guidely-app/internal/repository/mocks/mock_repository.go:342.105,345.2 2 0
guidely-app/internal/repository/mocks/mock_repository.go:359.81,363.2 3 0
guidely-app/internal/repository/mocks/mock_repository.go:366.79,368.2 1 0
guidely-app/internal/repository/mocks/mock_repository.go:371.92,376.2 4 0
guidely-app/internal/repository/mocks/mock_repository.go:379.91,382.2 2 0
guidely-app/internal/repository/mocks/mock_repository.go:385.82,390.2 4 0
guidely-app/internal/repository/mocks/mock_repository.go:393.91,396.2 2 0
guidely-app/internal/repository/mocks/mock_repository.go:399.90,405.2 5 0
guidely-app/internal/repository/mocks/mock_repository.go:408.85,411.2 2 0
guidely-app/internal/repository/mocks/mock_repository.go:414.103,420.2 5 0
guidely-app/internal/repository/mocks/mock_repository.go:423.92,426.2 2 0
guidely-app/internal/repository/mocks/mock_repository.go:429.92,434.2 4 0
guidely-app/internal/repository/mocks/mock_repository.go:437.91,440.2 2 0
guidely-app/internal/repository/mocks/mock_repository.go:454.73,458.2 3 0
guidely-app/internal/repository/mocks/mock_repository.go:461.71,463.2 1 0
guidely-app/internal/repository/mocks/mock_repository.go:466.84,471.2 4 0
guidely-app/internal/repository/mocks/mock_repository.go:474.87,477.2 2 0
guidely-app/internal/repository/mocks/mock_repository.go:480.95,486.2 5 0
guidely-app/internal/repository/mocks/mock_repository.go:489.88,492.2 2 0
guidely-app/internal/repository/mocks/mock_repository.go:495.98,501.2 5 0
guidely-app/internal/repository/mocks/mock_repository.go:504.91,507.2 2 0
guidely-app/internal/repository/mocks/mock_repository.go:510.101,516.2 5 0
guidely-app/internal/repository/mocks/mock_repository.go:519.94,522.2 2 0
guidely-app/internal/repository/mocks/mock_repository.go:525.84,530.2 4 0
guidely-app/internal/repository/mocks/mock_repository.go:533.87,536.2 2 0
guidely-app/internal/repository/mocks/mock_repository.go:550.79,554.2 3 0
guidely-app/internal/repository/mocks/mock_repository.go:557.77,559.2 1 0
guidely-app/internal/repository/mocks/mock_repository.go:562.90,567.2 4 0
guidely-app/internal/repository/mocks/mock_repository.go:570.90,573.2 2 0
guidely-app/internal/repository/mocks/mock_repository.go:576.88,581.2 4 0
guidely-app/internal/repository/mocks/mock_repository.go:584.97,587.2 2 0
guidely-app/internal/repository/mocks/mock_repository.go:590.104,596.2 5 0
guidely-app/internal/repository/mocks/mock_repository.go:599.94,602.2 2 0
guidely-app/pkg/utils/password.go:21.37,25.2 3 0
guidely-app/pkg/utils/password.go:27.52,29.16 2 0
guidely-app/pkg/utils/password.go:29.16,31.3 1 0
guidely-app/pkg/utils/password.go:32.2,36.72 4 0
guidely-app/pkg/utils/password.go:39.59,41.47 2 0
guidely-app/pkg/utils/password.go:41.47,43.3 1 0
guidely-app/pkg/utils/password.go:44.2,46.16 3 0
guidely-app/pkg/utils/password.go:46.16,48.3 1 0
guidely-app/pkg/utils/password.go:49.2,50.16 2 0
guidely-app/pkg/utils/password.go:50.16,52.3 1 0
guidely-app/pkg/utils/password.go:53.2,54.16 2 0
guidely-app/pkg/utils/password.go:54.16,56.3 1 0
guidely-app/pkg/utils/password.go:57.2,58.55 2 0
guidely-app/pkg/utils/time.go:5.47,6.38 1 0
guidely-app/pkg/utils/time.go:6.38,8.3 1 0
guidely-app/pkg/utils/time.go:9.2,10.16 2 0
guidely-app/pkg/utils/time.go:10.16,12.3 1 0
guidely-app/pkg/utils/time.go:13.2,13.11 1 0
guidely-app/pkg/utils/token.go:10.45,13.16 3 0
guidely-app/pkg/utils/token.go:13.16,15.3 1 0
guidely-app/pkg/utils/token.go:16.2,16.50 1 0
guidely-app/pkg/utils/token.go:19.37,22.2 2 0
guidely-app/pkg/utils/validators.go:5.38,9.2 3 0
guidely-app/pkg/utils/validators.go:11.44,13.2 1 0
